#
# There is insufficient memory for the Java Runtime Environment to continue.
# Native memory allocation (malloc) failed to allocate 1048576 bytes for AllocateHeap
# Possible reasons:
#   The system is out of physical RAM or swap space
#   The process is running with CompressedOops enabled, and the Java Heap may be blocking the growth of the native heap
# Possible solutions:
#   Reduce memory load on the system
#   Increase physical memory or swap space
#   Check if swap backing store is full
#   Decrease Java heap size (-Xmx/-Xms)
#   Decrease number of Java threads
#   Decrease Java thread stack sizes (-Xss)
#   Set larger code cache with -XX:ReservedCodeCacheSize=
#   JVM is running with Unscaled Compressed Oops mode in which the Java heap is
#     placed in the first 4GB address space. The Java Heap base address is the
#     maximum limit for the native heap growth. Please use -XX:HeapBaseMinAddress
#     to set the Java Heap base and to place the Java Heap above 4GB virtual address.
# This output file may be truncated or incomplete.
#
#  Out of Memory Error (allocation.cpp:44), pid=44024, tid=24632
#
# JRE version:  (17.0.2+8) (build )
# Java VM: Java HotSpot(TM) 64-Bit Server VM (17.0.2+8-LTS-86, mixed mode, sharing, tiered, compressed oops, compressed class ptrs, g1 gc, windows-amd64)
# No core dump will be written. Minidumps are not enabled by default on client versions of Windows
#

---------------  S U M M A R Y ------------

Command Line: -Xmx64m -Xms64m -Dorg.gradle.appname=gradlew org.gradle.wrapper.GradleWrapperMain tasks

Host: 11th Gen Intel(R) Core(TM) i7-1165G7 @ 2.80GHz, 8 cores, 7G,  Windows 11 , 64 bit Build 22621 (10.0.22621.2070)
Time: Tue Sep 12 03:04:38 2023  Windows 11 , 64 bit Build 22621 (10.0.22621.2070) elapsed time: 1.341413 seconds (0d 0h 0m 1s)

---------------  T H R E A D  ---------------

Current thread (0x00000284eab2f960):  JavaThread "Unknown thread" [_thread_in_vm, id=24632, stack(0x000000e785200000,0x000000e785300000)]

Stack: [0x000000e785200000,0x000000e785300000]
Native frames: (J=compiled Java code, j=interpreted, Vv=VM code, C=native code)
V  [jvm.dll+0x670baa]
V  [jvm.dll+0x7cfcb4]
V  [jvm.dll+0x7d145e]
V  [jvm.dll+0x7d1ac3]
V  [jvm.dll+0x242bc5]
V  [jvm.dll+0xa4b93]
V  [jvm.dll+0x2e0f37]
V  [jvm.dll+0x2d8e0b]
V  [jvm.dll+0x7a18c1]
V  [jvm.dll+0x365a91]
V  [jvm.dll+0x780d2c]
V  [jvm.dll+0x3e845f]
V  [jvm.dll+0x3e9f01]
C  [jli.dll+0x527b]
C  [ucrtbase.dll+0x29363]
C  [KERNEL32.DLL+0x126ad]
C  [ntdll.dll+0x5aa68]


---------------  P R O C E S S  ---------------

Threads class SMR info:
_java_thread_list=0x00007ffb4f1d9858, length=0, elements={
}

Java Threads: ( => current thread )

Other Threads:
  0x00000284eab4e510 GCTaskThread "GC Thread#0" [stack: 0x000000e785300000,0x000000e785400000] [id=54872]

[error occurred during error reporting (printing all threads), id 0xc0000005, EXCEPTION_ACCESS_VIOLATION (0xc0000005) at pc=0x00007ffb4ea25e80]

VM state: not at safepoint (not fully initialized)

VM Mutex/Monitor currently owned by a thread:  ([mutex/lock_event])
[0x00000284eab2a950] Heap_lock - owner thread: 0x00000284eab2f960

Heap address: 0x00000000fc000000, size: 64 MB, Compressed Oops mode: 32-bit

CDS archive(s) mapped at: [0x0000000000000000-0x0000000000000000-0x0000000000000000), size 0, SharedBaseAddress: 0x0000000800000000, ArchiveRelocationMode: 0.
Narrow klass base: 0x0000000000000000, Narrow klass shift: 0, Narrow klass range: 0x0

GC Precious Log:
<Empty>

Heap:
 garbage-first heap   total 0K, used 0K [0x00000000fc000000, 0x0000000100000000)
  region size 1024K, 0 young (0K), 0 survivors (0K)

[error occurred during error reporting (printing heap information), id 0xc0000005, EXCEPTION_ACCESS_VIOLATION (0xc0000005) at pc=0x00007ffb4ee09f19]

GC Heap History (0 events):
No events

Deoptimization events (0 events):
No events

Classes unloaded (0 events):
No events

Classes redefined (0 events):
No events

Internal exceptions (0 events):
No events

VM Operations (0 events):
No events

Events (1 events):
Event: 0.609 Loaded shared library C:\Program Files\Java\jdk-17.0.2\bin\java.dll


Dynamic libraries:
0x00007ff789980000 - 0x00007ff789990000 	C:\Program Files\Java\jdk-17.0.2\bin\java.exe
0x00007ffbc7bb0000 - 0x00007ffbc7dc4000 	C:\WINDOWS\SYSTEM32\ntdll.dll
0x00007ffbc6e90000 - 0x00007ffbc6f54000 	C:\WINDOWS\System32\KERNEL32.DLL
0x00007ffbc51d0000 - 0x00007ffbc5574000 	C:\WINDOWS\System32\KERNELBASE.dll
0x00007ffbc5730000 - 0x00007ffbc5841000 	C:\WINDOWS\System32\ucrtbase.dll
0x00007ffbc03e0000 - 0x00007ffbc03fa000 	C:\Program Files\Java\jdk-17.0.2\bin\VCRUNTIME140.dll
0x00007ffbb3890000 - 0x00007ffbb38a8000 	C:\Program Files\Java\jdk-17.0.2\bin\jli.dll
0x00007ffbc5a60000 - 0x00007ffbc5b10000 	C:\WINDOWS\System32\ADVAPI32.dll
0x00007ffbc6de0000 - 0x00007ffbc6e87000 	C:\WINDOWS\System32\msvcrt.dll
0x00007ffbc6310000 - 0x00007ffbc63b6000 	C:\WINDOWS\System32\sechost.dll
0x00007ffbc6f60000 - 0x00007ffbc7077000 	C:\WINDOWS\System32\RPCRT4.dll
0x00007ffbc6410000 - 0x00007ffbc65ba000 	C:\WINDOWS\System32\USER32.dll
0x00007ffbc51a0000 - 0x00007ffbc51c6000 	C:\WINDOWS\System32\win32u.dll
0x00007ffbc59b0000 - 0x00007ffbc59d9000 	C:\WINDOWS\System32\GDI32.dll
0x00007ffbc5850000 - 0x00007ffbc5969000 	C:\WINDOWS\System32\gdi32full.dll
0x00007ffbc4f90000 - 0x00007ffbc502a000 	C:\WINDOWS\System32\msvcp_win.dll
0x00007ffbad340000 - 0x00007ffbad5cf000 	C:\WINDOWS\WinSxS\amd64_microsoft.windows.common-controls_6595b64144ccf1df_6.0.22621.2070_none_2713e6537381f706\COMCTL32.dll
0x00007ffbbba70000 - 0x00007ffbbba7a000 	C:\WINDOWS\SYSTEM32\VERSION.dll
0x00007ffbc7960000 - 0x00007ffbc7991000 	C:\WINDOWS\System32\IMM32.DLL
0x00007ffbc03d0000 - 0x00007ffbc03dc000 	C:\Program Files\Java\jdk-17.0.2\bin\vcruntime140_1.dll
0x00007ffb5b540000 - 0x00007ffb5b5cd000 	C:\Program Files\Java\jdk-17.0.2\bin\msvcp140.dll
0x00007ffb4e740000 - 0x00007ffb4f301000 	C:\Program Files\Java\jdk-17.0.2\bin\server\jvm.dll
0x00007ffbc5ec0000 - 0x00007ffbc5ec8000 	C:\WINDOWS\System32\PSAPI.DLL
0x00007ffba5ee0000 - 0x00007ffba5ee9000 	C:\WINDOWS\SYSTEM32\WSOCK32.dll
0x00007ffbc59e0000 - 0x00007ffbc5a51000 	C:\WINDOWS\System32\WS2_32.dll
0x00007ffbbc360000 - 0x00007ffbbc394000 	C:\WINDOWS\SYSTEM32\WINMM.dll
0x00007ffbc40c0000 - 0x00007ffbc40d8000 	C:\WINDOWS\SYSTEM32\kernel.appcore.dll
0x00007ffbc0330000 - 0x00007ffbc033a000 	C:\Program Files\Java\jdk-17.0.2\bin\jimage.dll
0x00007ffbbb460000 - 0x00007ffbbb68e000 	C:\WINDOWS\SYSTEM32\DBGHELP.DLL
0x00007ffbc5f80000 - 0x00007ffbc630a000 	C:\WINDOWS\System32\combase.dll
0x00007ffbc5c10000 - 0x00007ffbc5ce7000 	C:\WINDOWS\System32\OLEAUT32.dll
0x00007ffba9250000 - 0x00007ffba9282000 	C:\WINDOWS\SYSTEM32\dbgcore.DLL
0x00007ffbc5580000 - 0x00007ffbc55fa000 	C:\WINDOWS\System32\bcryptPrimitives.dll
0x00007ffbb1ef0000 - 0x00007ffbb1f15000 	C:\Program Files\Java\jdk-17.0.2\bin\java.dll

dbghelp: loaded successfully - version: 4.0.5 - missing functions: none
symbol engine: initialized successfully - sym options: 0x614 - pdb path: .;C:\Program Files\Java\jdk-17.0.2\bin;C:\WINDOWS\SYSTEM32;C:\WINDOWS\WinSxS\amd64_microsoft.windows.common-controls_6595b64144ccf1df_6.0.22621.2070_none_2713e6537381f706;C:\Program Files\Java\jdk-17.0.2\bin\server

VM Arguments:
jvm_args: -Xmx64m -Xms64m -Dorg.gradle.appname=gradlew 
java_command: org.gradle.wrapper.GradleWrapperMain tasks
java_class_path (initial): C:\Users\h6263\test\android\\gradle\wrapper\gradle-wrapper.jar
Launcher Type: SUN_STANDARD

[Global flags]
     intx CICompilerCount                          = 4                                         {product} {ergonomic}
     uint ConcGCThreads                            = 2                                         {product} {ergonomic}
     uint G1ConcRefinementThreads                  = 8                                         {product} {ergonomic}
   size_t G1HeapRegionSize                         = 1048576                                   {product} {ergonomic}
    uintx GCDrainStackTargetSize                   = 64                                        {product} {ergonomic}
   size_t InitialHeapSize                          = 67108864                                  {product} {command line}
   size_t MarkStackSize                            = 4194304                                   {product} {ergonomic}
   size_t MaxHeapSize                              = 67108864                                  {product} {command line}
   size_t MinHeapDeltaBytes                        = 1048576                                   {product} {ergonomic}
   size_t MinHeapSize                              = 67108864                                  {product} {command line}
    uintx NonNMethodCodeHeapSize                   = 5839372                                {pd product} {ergonomic}
    uintx NonProfiledCodeHeapSize                  = 122909434                              {pd product} {ergonomic}
    uintx ProfiledCodeHeapSize                     = 122909434                              {pd product} {ergonomic}
    uintx ReservedCodeCacheSize                    = 251658240                              {pd product} {ergonomic}
     bool SegmentedCodeCache                       = true                                      {product} {ergonomic}
   size_t SoftMaxHeapSize                          = 67108864                               {manageable} {ergonomic}
     bool UseCompressedClassPointers               = true                           {product lp64_product} {ergonomic}
     bool UseCompressedOops                        = true                           {product lp64_product} {ergonomic}
     bool UseG1GC                                  = true                                      {product} {ergonomic}
     bool UseLargePagesIndividualAllocation        = false                                  {pd product} {ergonomic}

Logging:
Log output configuration:
 #0: stdout all=warning uptime,level,tags
 #1: stderr all=off uptime,level,tags

Environment Variables:
JAVA_HOME=C:\Program Files\Java\jdk-17.0.2
CLASSPATH=C:\Users\h6263\test\android\\gradle\wrapper\gradle-wrapper.jar
PATH=C:\Users\h6263\test\node_modules\.bin;C:\Users\h6263\test\node_modules\.bin;C:\Users\h6263\node_modules\.bin;C:\Users\node_modules\.bin;C:\node_modules\.bin;C:\Users\h6263\AppData\Roaming\npm\node_modules\npm\node_modules\@npmcli\run-script\lib\node-gyp-bin;C:\Program Files\Common Files\Oracle\Java\javapath;C:\Program Files (x86)\Common Files\Oracle\Java\javapath;C:\Python311\Scripts\;C:\Python311\;C:\Program Files\GTK3-Runtime Win64\bin;C:\Program Files\MySQL\MySQL Server 8.0\bin;C:\app\h6263\product\21c\dbhomeXE\bin;C:\WINDOWS\system32;C:\WINDOWS;C:\WINDOWS\System32\Wbem;C:\WINDOWS\System32\WindowsPowerShell\v1.0\;C:\WINDOWS\System32\OpenSSH\;C:\MinGW\bin;C:\Program Files\Git\cmd;C:\Django;C:\Users\h6263\AppData\Local\Programs\Python\Python310\;C:\Program Files\nodejs\;C:\Program Files\Java\jdk-17.0.2\bin;C:\Users\h6263\AppData\Local\Android\Sdk\tools;C:\Users\h6263\AppData\Local\jdk-11.0.2\bin;C:\Users\h6263\AppData\Local\Android\Sdk\tools;C:\Users\h6263\AppData\Local\jdk-11.0.2\bin;C:\Program Files\MySQL\MySQL Shell 8.0\bin\;C:\Users\h6263\AppData\Local\Programs\Python\Python310\Scripts\;C:\Users\h6263\AppData\Local\Programs\Python\Python310\;C:\Users\h6263\AppData\Local\Microsoft\WindowsApps;C:\Users\h6263\AppData\Local\Programs\Microsoft VS Code\bin;C:\Program Files\JetBrains\IntelliJ IDEA Community Edition 2022.1.3\bin;;C:\Users\h6263\AppData\Roaming\npm;C:\Users\h6263\AppData\Local\Android\Sdk\platform-tools;
USERNAME=h6263
LANG=en_US.UTF-8
OS=Windows_NT
PROCESSOR_IDENTIFIER=Intel64 Family 6 Model 140 Stepping 1, GenuineIntel



---------------  S Y S T E M  ---------------

OS:
 Windows 11 , 64 bit Build 22621 (10.0.22621.2070)
OS uptime: 7 days 14:53 hours

CPU: total 8 (initial active 8) (4 cores per cpu, 2 threads per core) family 6 model 140 stepping 1 microcode 0x8a, cx8, cmov, fxsr, ht, mmx, 3dnowpref, sse, sse2, sse3, ssse3, sse4.1, sse4.2, popcnt, lzcnt, tsc, tscinvbit, avx, avx2, aes, erms, clmul, bmi1, bmi2, adx, avx512f, avx512dq, avx512cd, avx512bw, avx512vl, sha, fma, vzeroupper, avx512_vpopcntdq, avx512_vpclmulqdq, avx512_vaes, avx512_vnni, clflush, clflushopt, clwb, avx512_vbmi2, avx512_vbmi

Memory: 4k page, system-wide physical 7900M (665M free)
TotalPageFile size 32476M (AvailPageFile size 210M)
current process WorkingSet (physical memory assigned to process): 11M, peak: 11M
current process commit charge ("private bytes"): 52M, peak: 53M

vm_info: Java HotSpot(TM) 64-Bit Server VM (17.0.2+8-LTS-86) for windows-amd64 JRE (17.0.2+8-LTS-86), built on Dec  7 2021 21:51:03 by "mach5one" with MS VC++ 16.8 / 16.9 (VS2019)

END.
