#
# There is insufficient memory for the Java Runtime Environment to continue.
# Native memory allocation (mmap) failed to map 65536 bytes for Failed to commit metaspace.
# Possible reasons:
#   The system is out of physical RAM or swap space
#   The process is running with CompressedOops enabled, and the Java Heap may be blocking the growth of the native heap
# Possible solutions:
#   Reduce memory load on the system
#   Increase physical memory or swap space
#   Check if swap backing store is full
#   Decrease Java heap size (-Xmx/-Xms)
#   Decrease number of Java threads
#   Decrease Java thread stack sizes (-Xss)
#   Set larger code cache with -XX:ReservedCodeCacheSize=
#   JVM is running with Unscaled Compressed Oops mode in which the Java heap is
#     placed in the first 4GB address space. The Java Heap base address is the
#     maximum limit for the native heap growth. Please use -XX:HeapBaseMinAddress
#     to set the Java Heap base and to place the Java Heap above 4GB virtual address.
# This output file may be truncated or incomplete.
#
#  Out of Memory Error (virtualSpaceNode.cpp:110), pid=55180, tid=63340
#
# JRE version: Java(TM) SE Runtime Environment (17.0.2+8) (build 17.0.2+8-LTS-86)
# Java VM: Java HotSpot(TM) 64-Bit Server VM (17.0.2+8-LTS-86, mixed mode, sharing, tiered, compressed oops, compressed class ptrs, g1 gc, windows-amd64)
# No core dump will be written. Minidumps are not enabled by default on client versions of Windows
#

---------------  S U M M A R Y ------------

Command Line: -Xmx64m -Xms64m -Dorg.gradle.appname=gradlew org.gradle.wrapper.GradleWrapperMain tasks

Host: 11th Gen Intel(R) Core(TM) i7-1165G7 @ 2.80GHz, 8 cores, 7G,  Windows 11 , 64 bit Build 22621 (10.0.22621.2070)
Time: Tue Sep 12 03:04:38 2023  Windows 11 , 64 bit Build 22621 (10.0.22621.2070) elapsed time: 35.373203 seconds (0d 0h 0m 35s)

---------------  T H R E A D  ---------------

Current thread (0x000001a54390f3e0):  JavaThread "main" [_thread_in_vm, id=63340, stack(0x000000a0a2500000,0x000000a0a2600000)]

Stack: [0x000000a0a2500000,0x000000a0a2600000]
Native frames: (J=compiled Java code, j=interpreted, Vv=VM code, C=native code)
V  [jvm.dll+0x670baa]
V  [jvm.dll+0x7cfcb4]
V  [jvm.dll+0x7d145e]
V  [jvm.dll+0x7d1ac3]
V  [jvm.dll+0x242bc5]
V  [jvm.dll+0x7cbc5b]
V  [jvm.dll+0x616966]
V  [jvm.dll+0x1be3ee]
V  [jvm.dll+0x6192a1]
V  [jvm.dll+0x617306]
V  [jvm.dll+0x238556]
V  [jvm.dll+0x1e880d]
V  [jvm.dll+0x1de251]
V  [jvm.dll+0x537c30]
V  [jvm.dll+0x74ad28]
V  [jvm.dll+0x74ae14]
V  [jvm.dll+0x408cc5]
V  [jvm.dll+0x40ed18]
C  [java.dll+0x17ec]

Java frames: (J=compiled Java code, j=interpreted, Vv=VM code)
J 754  java.lang.ClassLoader.defineClass1(Ljava/lang/ClassLoader;Ljava/lang/String;[BIILjava/security/ProtectionDomain;Ljava/lang/String;)Ljava/lang/Class; java.base@17.0.2 (0 bytes) @ 0x000001a552c795e3 [0x000001a552c79520+0x00000000000000c3]
j  java.lang.ClassLoader.defineClass(Ljava/lang/String;[BIILjava/security/ProtectionDomain;)Ljava/lang/Class;+27 java.base@17.0.2
j  java.security.SecureClassLoader.defineClass(Ljava/lang/String;[BIILjava/security/CodeSource;)Ljava/lang/Class;+12 java.base@17.0.2
J 847 c1 java.net.URLClassLoader.defineClass(Ljava/lang/String;Ljdk/internal/loader/Resource;)Ljava/lang/Class; java.base@17.0.2 (224 bytes) @ 0x000001a54b89a6c4 [0x000001a54b898c40+0x0000000000001a84]
J 721 c1 java.net.URLClassLoader$1.run()Ljava/lang/Class; java.base@17.0.2 (81 bytes) @ 0x000001a54b846b5c [0x000001a54b845f20+0x0000000000000c3c]
J 720 c1 java.net.URLClassLoader$1.run()Ljava/lang/Object; java.base@17.0.2 (5 bytes) @ 0x000001a54b845a44 [0x000001a54b8459c0+0x0000000000000084]
J 589 c1 java.security.AccessController.doPrivileged(Ljava/security/PrivilegedExceptionAction;Ljava/security/AccessControlContext;)Ljava/lang/Object; java.base@17.0.2 (26 bytes) @ 0x000001a54b7f657c [0x000001a54b7f63a0+0x00000000000001dc]
J 718 c1 java.net.URLClassLoader.findClass(Ljava/lang/String;)Ljava/lang/Class; java.base@17.0.2 (47 bytes) @ 0x000001a54b844c9c [0x000001a54b844b00+0x000000000000019c]
J 646 c1 java.lang.ClassLoader.loadClass(Ljava/lang/String;Z)Ljava/lang/Class; java.base@17.0.2 (121 bytes) @ 0x000001a54b825bf4 [0x000001a54b825640+0x00000000000005b4]
J 677 c1 java.lang.ClassLoader.loadClass(Ljava/lang/String;)Ljava/lang/Class; java.base@17.0.2 (7 bytes) @ 0x000001a54b8377cc [0x000001a54b8376c0+0x000000000000010c]
v  ~StubRoutines::call_stub
J 754  java.lang.ClassLoader.defineClass1(Ljava/lang/ClassLoader;Ljava/lang/String;[BIILjava/security/ProtectionDomain;Ljava/lang/String;)Ljava/lang/Class; java.base@17.0.2 (0 bytes) @ 0x000001a552c795e3 [0x000001a552c79520+0x00000000000000c3]
j  java.lang.ClassLoader.defineClass(Ljava/lang/String;[BIILjava/security/ProtectionDomain;)Ljava/lang/Class;+27 java.base@17.0.2
j  java.security.SecureClassLoader.defineClass(Ljava/lang/String;[BIILjava/security/CodeSource;)Ljava/lang/Class;+12 java.base@17.0.2
J 847 c1 java.net.URLClassLoader.defineClass(Ljava/lang/String;Ljdk/internal/loader/Resource;)Ljava/lang/Class; java.base@17.0.2 (224 bytes) @ 0x000001a54b89a6c4 [0x000001a54b898c40+0x0000000000001a84]
J 721 c1 java.net.URLClassLoader$1.run()Ljava/lang/Class; java.base@17.0.2 (81 bytes) @ 0x000001a54b846b5c [0x000001a54b845f20+0x0000000000000c3c]
J 720 c1 java.net.URLClassLoader$1.run()Ljava/lang/Object; java.base@17.0.2 (5 bytes) @ 0x000001a54b845a44 [0x000001a54b8459c0+0x0000000000000084]
J 589 c1 java.security.AccessController.doPrivileged(Ljava/security/PrivilegedExceptionAction;Ljava/security/AccessControlContext;)Ljava/lang/Object; java.base@17.0.2 (26 bytes) @ 0x000001a54b7f657c [0x000001a54b7f63a0+0x00000000000001dc]
J 718 c1 java.net.URLClassLoader.findClass(Ljava/lang/String;)Ljava/lang/Class; java.base@17.0.2 (47 bytes) @ 0x000001a54b844c9c [0x000001a54b844b00+0x000000000000019c]
J 646 c1 java.lang.ClassLoader.loadClass(Ljava/lang/String;Z)Ljava/lang/Class; java.base@17.0.2 (121 bytes) @ 0x000001a54b825bf4 [0x000001a54b825640+0x00000000000005b4]
J 677 c1 java.lang.ClassLoader.loadClass(Ljava/lang/String;)Ljava/lang/Class; java.base@17.0.2 (7 bytes) @ 0x000001a54b8377cc [0x000001a54b8376c0+0x000000000000010c]
v  ~StubRoutines::call_stub
j  org.gradle.launcher.cli.BuildActionsFactory.<init>(Lorg/gradle/internal/service/ServiceRegistry;)V+18
j  org.gradle.launcher.cli.DefaultCommandLineActionFactory.createBuildActionFactoryActionCreator(Lorg/gradle/internal/service/ServiceRegistry;Ljava/util/List;)V+6
j  org.gradle.launcher.cli.DefaultCommandLineActionFactory$ParseAndBuildAction.execute(Lorg/gradle/launcher/bootstrap/ExecutionListener;)V+12
j  org.gradle.launcher.cli.DefaultCommandLineActionFactory$ParseAndBuildAction.execute(Ljava/lang/Object;)V+5
j  org.gradle.launcher.cli.DebugLoggerWarningAction.execute(Lorg/gradle/launcher/bootstrap/ExecutionListener;)V+9
j  org.gradle.launcher.cli.DebugLoggerWarningAction.execute(Ljava/lang/Object;)V+5
j  org.gradle.launcher.cli.WelcomeMessageAction.execute(Lorg/gradle/launcher/bootstrap/ExecutionListener;)V+218
j  org.gradle.launcher.cli.WelcomeMessageAction.execute(Ljava/lang/Object;)V+5
j  org.gradle.launcher.cli.NativeServicesInitializingAction.execute(Lorg/gradle/launcher/bootstrap/ExecutionListener;)V+35
j  org.gradle.launcher.cli.NativeServicesInitializingAction.execute(Ljava/lang/Object;)V+5
j  org.gradle.launcher.cli.ExceptionReportingAction.execute(Lorg/gradle/launcher/bootstrap/ExecutionListener;)V+5
j  org.gradle.launcher.cli.ExceptionReportingAction.execute(Ljava/lang/Object;)V+5
j  org.gradle.launcher.cli.DefaultCommandLineActionFactory$WithLogging.execute(Lorg/gradle/launcher/bootstrap/ExecutionListener;)V+299
j  org.gradle.launcher.Main.doAction([Ljava/lang/String;Lorg/gradle/launcher/bootstrap/ExecutionListener;)V+14
j  org.gradle.launcher.bootstrap.EntryPoint.run([Ljava/lang/String;)V+12
v  ~StubRoutines::call_stub
j  jdk.internal.reflect.NativeMethodAccessorImpl.invoke0(Ljava/lang/reflect/Method;Ljava/lang/Object;[Ljava/lang/Object;)Ljava/lang/Object;+0 java.base@17.0.2
j  jdk.internal.reflect.NativeMethodAccessorImpl.invoke(Ljava/lang/Object;[Ljava/lang/Object;)Ljava/lang/Object;+133 java.base@17.0.2
j  jdk.internal.reflect.DelegatingMethodAccessorImpl.invoke(Ljava/lang/Object;[Ljava/lang/Object;)Ljava/lang/Object;+6 java.base@17.0.2
j  java.lang.reflect.Method.invoke(Ljava/lang/Object;[Ljava/lang/Object;)Ljava/lang/Object;+59 java.base@17.0.2
j  org.gradle.launcher.bootstrap.ProcessBootstrap.runNoExit(Ljava/lang/String;[Ljava/lang/String;)V+159
j  org.gradle.launcher.bootstrap.ProcessBootstrap.run(Ljava/lang/String;[Ljava/lang/String;)V+2
v  ~StubRoutines::call_stub
j  jdk.internal.reflect.NativeMethodAccessorImpl.invoke0(Ljava/lang/reflect/Method;Ljava/lang/Object;[Ljava/lang/Object;)Ljava/lang/Object;+0 java.base@17.0.2
j  jdk.internal.reflect.NativeMethodAccessorImpl.invoke(Ljava/lang/Object;[Ljava/lang/Object;)Ljava/lang/Object;+133 java.base@17.0.2
j  jdk.internal.reflect.DelegatingMethodAccessorImpl.invoke(Ljava/lang/Object;[Ljava/lang/Object;)Ljava/lang/Object;+6 java.base@17.0.2
j  java.lang.reflect.Method.invoke(Ljava/lang/Object;[Ljava/lang/Object;)Ljava/lang/Object;+59 java.base@17.0.2
j  org.gradle.launcher.GradleMain.main([Ljava/lang/String;)V+100
v  ~StubRoutines::call_stub
j  jdk.internal.reflect.NativeMethodAccessorImpl.invoke0(Ljava/lang/reflect/Method;Ljava/lang/Object;[Ljava/lang/Object;)Ljava/lang/Object;+0 java.base@17.0.2
j  jdk.internal.reflect.NativeMethodAccessorImpl.invoke(Ljava/lang/Object;[Ljava/lang/Object;)Ljava/lang/Object;+133 java.base@17.0.2
j  jdk.internal.reflect.DelegatingMethodAccessorImpl.invoke(Ljava/lang/Object;[Ljava/lang/Object;)Ljava/lang/Object;+6 java.base@17.0.2
j  java.lang.reflect.Method.invoke(Ljava/lang/Object;[Ljava/lang/Object;)Ljava/lang/Object;+59 java.base@17.0.2
j  org.gradle.wrapper.BootstrapMainStarter.start([Ljava/lang/String;Ljava/io/File;)V+105
j  org.gradle.wrapper.WrapperExecutor.execute([Ljava/lang/String;Lorg/gradle/wrapper/Install;Lorg/gradle/wrapper/BootstrapMainStarter;)V+14
j  org.gradle.wrapper.GradleWrapperMain.main([Ljava/lang/String;)V+206
v  ~StubRoutines::call_stub

---------------  P R O C E S S  ---------------

Threads class SMR info:
_java_thread_list=0x000001a55e40a7b0, length=13, elements={
0x000001a54390f3e0, 0x000001a5439b8590, 0x000001a5439b98e0, 0x000001a5439d7d60,
0x000001a5439da820, 0x000001a5439db1d0, 0x000001a5439dbb80, 0x000001a5439dc910,
0x000001a5439dd3b0, 0x000001a55d02dfd0, 0x000001a55d086ae0, 0x000001a55d093660,
0x000001a55de04c00
}

Java Threads: ( => current thread )
=>0x000001a54390f3e0 JavaThread "main" [_thread_in_vm, id=63340, stack(0x000000a0a2500000,0x000000a0a2600000)]
  0x000001a5439b8590 JavaThread "Reference Handler" daemon [_thread_blocked, id=62628, stack(0x000000a0a2c00000,0x000000a0a2d00000)]
  0x000001a5439b98e0 JavaThread "Finalizer" daemon [_thread_blocked, id=62624, stack(0x000000a0a2d00000,0x000000a0a2e00000)]
  0x000001a5439d7d60 JavaThread "Signal Dispatcher" daemon [_thread_blocked, id=45116, stack(0x000000a0a2e00000,0x000000a0a2f00000)]
  0x000001a5439da820 JavaThread "Attach Listener" daemon [_thread_blocked, id=56180, stack(0x000000a0a2f00000,0x000000a0a3000000)]
  0x000001a5439db1d0 JavaThread "Service Thread" daemon [_thread_blocked, id=61464, stack(0x000000a0a3000000,0x000000a0a3100000)]
  0x000001a5439dbb80 JavaThread "Monitor Deflation Thread" daemon [_thread_blocked, id=57096, stack(0x000000a0a3100000,0x000000a0a3200000)]
  0x000001a5439dc910 JavaThread "C2 CompilerThread0" daemon [_thread_blocked, id=57108, stack(0x000000a0a3200000,0x000000a0a3300000)]
  0x000001a5439dd3b0 JavaThread "C1 CompilerThread0" daemon [_thread_blocked, id=57112, stack(0x000000a0a3300000,0x000000a0a3400000)]
  0x000001a55d02dfd0 JavaThread "Sweeper thread" daemon [_thread_blocked, id=57116, stack(0x000000a0a3400000,0x000000a0a3500000)]
  0x000001a55d086ae0 JavaThread "Notification Thread" daemon [_thread_blocked, id=61412, stack(0x000000a0a3500000,0x000000a0a3600000)]
  0x000001a55d093660 JavaThread "Common-Cleaner" daemon [_thread_blocked, id=57668, stack(0x000000a0a3700000,0x000000a0a3800000)]
  0x000001a55de04c00 JavaThread "pool-1-thread-1" [_thread_in_vm, id=25428, stack(0x000000a0a2300000,0x000000a0a2400000)]

Other Threads:
  0x000001a5439b0f40 VMThread "VM Thread" [stack: 0x000000a0a2b00000,0x000000a0a2c00000] [id=39900]
  0x000001a55d0913c0 WatcherThread [stack: 0x000000a0a3600000,0x000000a0a3700000] [id=62080]
  0x000001a54392feb0 GCTaskThread "GC Thread#0" [stack: 0x000000a0a2600000,0x000000a0a2700000] [id=60184]
  0x000001a55e7305d0 GCTaskThread "GC Thread#1" [stack: 0x000000a0a3800000,0x000000a0a3900000] [id=12216]
  0x000001a55e8e3c30 GCTaskThread "GC Thread#2" [stack: 0x000000a0a3900000,0x000000a0a3a00000] [id=50928]
  0x000001a55e87fb00 GCTaskThread "GC Thread#3" [stack: 0x000000a0a3a00000,0x000000a0a3b00000] [id=39904]
  0x000001a55ebbcbc0 GCTaskThread "GC Thread#4" [stack: 0x000000a0a3b00000,0x000000a0a3c00000] [id=13564]
  0x000001a55ed8a7c0 GCTaskThread "GC Thread#5" [stack: 0x000000a0a3c00000,0x000000a0a3d00000] [id=44972]
  0x000001a5439315f0 ConcurrentGCThread "G1 Main Marker" [stack: 0x000000a0a2700000,0x000000a0a2800000] [id=60204]
  0x000001a543932160 ConcurrentGCThread "G1 Conc#0" [stack: 0x000000a0a2800000,0x000000a0a2900000] [id=60208]
  0x000001a543993db0 ConcurrentGCThread "G1 Refine#0" [stack: 0x000000a0a2900000,0x000000a0a2a00000] [id=60212]
  0x000001a543994670 ConcurrentGCThread "G1 Service" [stack: 0x000000a0a2a00000,0x000000a0a2b00000] [id=60216]

Threads with active compile tasks:

VM state: not at safepoint (normal execution)

VM Mutex/Monitor currently owned by a thread:  ([mutex/lock_event])
[0x000001a5438fd1e0] Metaspace_lock - owner thread: 0x000001a54390f3e0

Heap address: 0x00000000fc000000, size: 64 MB, Compressed Oops mode: 32-bit

CDS archive(s) mapped at: [0x0000000800000000-0x0000000800bc0000-0x0000000800bc0000), size 12320768, SharedBaseAddress: 0x0000000800000000, ArchiveRelocationMode: 0.
Compressed class space mapped at: 0x0000000800c00000-0x0000000840c00000, reserved size: 1073741824
Narrow klass base: 0x0000000800000000, Narrow klass shift: 0, Narrow klass range: 0x100000000

GC Precious Log:
 CPUs: 8 total, 8 available
 Memory: 7900M
 Large Page Support: Disabled
 NUMA Support: Disabled
 Compressed Oops: Enabled (32-bit)
 Heap Region Size: 1M
 Heap Min Capacity: 64M
 Heap Initial Capacity: 64M
 Heap Max Capacity: 64M
 Pre-touch: Disabled
 Parallel Workers: 8
 Concurrent Workers: 2
 Concurrent Refinement Workers: 8
 Periodic GC: Disabled

Heap:
 garbage-first heap   total 65536K, used 11424K [0x00000000fc000000, 0x0000000100000000)
  region size 1024K, 5 young (5120K), 3 survivors (3072K)
 Metaspace       used 4166K, committed 4288K, reserved 1056768K
  class space    used 544K, committed 640K, reserved 1048576K

Heap Regions: E=young(eden), S=young(survivor), O=old, HS=humongous(starts), HC=humongous(continues), CS=collection set, F=free, OA=open archive, CA=closed archive, TAMS=top-at-mark-start (previous, next)
|   0|0x00000000fc000000, 0x00000000fc100000, 0x00000000fc100000|100%|HS|  |TAMS 0x00000000fc000000, 0x00000000fc000000| Complete 
|   1|0x00000000fc100000, 0x00000000fc200000, 0x00000000fc200000|100%|HC|  |TAMS 0x00000000fc100000, 0x00000000fc100000| Complete 
|   2|0x00000000fc200000, 0x00000000fc300000, 0x00000000fc300000|100%|HC|  |TAMS 0x00000000fc200000, 0x00000000fc200000| Complete 
|   3|0x00000000fc300000, 0x00000000fc400000, 0x00000000fc400000|100%|HC|  |TAMS 0x00000000fc300000, 0x00000000fc300000| Complete 
|   4|0x00000000fc400000, 0x00000000fc500000, 0x00000000fc500000|100%| O|  |TAMS 0x00000000fc400000, 0x00000000fc400000| Untracked 
|   5|0x00000000fc500000, 0x00000000fc600000, 0x00000000fc600000|100%| O|  |TAMS 0x00000000fc500000, 0x00000000fc500000| Untracked 
|   6|0x00000000fc600000, 0x00000000fc700000, 0x00000000fc700000|100%| O|  |TAMS 0x00000000fc600000, 0x00000000fc600000| Untracked 
|   7|0x00000000fc700000, 0x00000000fc728000, 0x00000000fc800000| 15%| O|  |TAMS 0x00000000fc700000, 0x00000000fc700000| Untracked 
|   8|0x00000000fc800000, 0x00000000fc800000, 0x00000000fc900000|  0%| F|  |TAMS 0x00000000fc800000, 0x00000000fc800000| Untracked 
|   9|0x00000000fc900000, 0x00000000fc900000, 0x00000000fca00000|  0%| F|  |TAMS 0x00000000fc900000, 0x00000000fc900000| Untracked 
|  10|0x00000000fca00000, 0x00000000fca00000, 0x00000000fcb00000|  0%| F|  |TAMS 0x00000000fca00000, 0x00000000fca00000| Untracked 
|  11|0x00000000fcb00000, 0x00000000fcb00000, 0x00000000fcc00000|  0%| F|  |TAMS 0x00000000fcb00000, 0x00000000fcb00000| Untracked 
|  12|0x00000000fcc00000, 0x00000000fcc00000, 0x00000000fcd00000|  0%| F|  |TAMS 0x00000000fcc00000, 0x00000000fcc00000| Untracked 
|  13|0x00000000fcd00000, 0x00000000fcd00000, 0x00000000fce00000|  0%| F|  |TAMS 0x00000000fcd00000, 0x00000000fcd00000| Untracked 
|  14|0x00000000fce00000, 0x00000000fce00000, 0x00000000fcf00000|  0%| F|  |TAMS 0x00000000fce00000, 0x00000000fce00000| Untracked 
|  15|0x00000000fcf00000, 0x00000000fcf00000, 0x00000000fd000000|  0%| F|  |TAMS 0x00000000fcf00000, 0x00000000fcf00000| Untracked 
|  16|0x00000000fd000000, 0x00000000fd000000, 0x00000000fd100000|  0%| F|  |TAMS 0x00000000fd000000, 0x00000000fd000000| Untracked 
|  17|0x00000000fd100000, 0x00000000fd100000, 0x00000000fd200000|  0%| F|  |TAMS 0x00000000fd100000, 0x00000000fd100000| Untracked 
|  18|0x00000000fd200000, 0x00000000fd200000, 0x00000000fd300000|  0%| F|  |TAMS 0x00000000fd200000, 0x00000000fd200000| Untracked 
|  19|0x00000000fd300000, 0x00000000fd300000, 0x00000000fd400000|  0%| F|  |TAMS 0x00000000fd300000, 0x00000000fd300000| Untracked 
|  20|0x00000000fd400000, 0x00000000fd400000, 0x00000000fd500000|  0%| F|  |TAMS 0x00000000fd400000, 0x00000000fd400000| Untracked 
|  21|0x00000000fd500000, 0x00000000fd500000, 0x00000000fd600000|  0%| F|  |TAMS 0x00000000fd500000, 0x00000000fd500000| Untracked 
|  22|0x00000000fd600000, 0x00000000fd600000, 0x00000000fd700000|  0%| F|  |TAMS 0x00000000fd600000, 0x00000000fd600000| Untracked 
|  23|0x00000000fd700000, 0x00000000fd700000, 0x00000000fd800000|  0%| F|  |TAMS 0x00000000fd700000, 0x00000000fd700000| Untracked 
|  24|0x00000000fd800000, 0x00000000fd800000, 0x00000000fd900000|  0%| F|  |TAMS 0x00000000fd800000, 0x00000000fd800000| Untracked 
|  25|0x00000000fd900000, 0x00000000fd900000, 0x00000000fda00000|  0%| F|  |TAMS 0x00000000fd900000, 0x00000000fd900000| Untracked 
|  26|0x00000000fda00000, 0x00000000fda00000, 0x00000000fdb00000|  0%| F|  |TAMS 0x00000000fda00000, 0x00000000fda00000| Untracked 
|  27|0x00000000fdb00000, 0x00000000fdb00000, 0x00000000fdc00000|  0%| F|  |TAMS 0x00000000fdb00000, 0x00000000fdb00000| Untracked 
|  28|0x00000000fdc00000, 0x00000000fdc00000, 0x00000000fdd00000|  0%| F|  |TAMS 0x00000000fdc00000, 0x00000000fdc00000| Untracked 
|  29|0x00000000fdd00000, 0x00000000fdd00000, 0x00000000fde00000|  0%| F|  |TAMS 0x00000000fdd00000, 0x00000000fdd00000| Untracked 
|  30|0x00000000fde00000, 0x00000000fde00000, 0x00000000fdf00000|  0%| F|  |TAMS 0x00000000fde00000, 0x00000000fde00000| Untracked 
|  31|0x00000000fdf00000, 0x00000000fdf00000, 0x00000000fe000000|  0%| F|  |TAMS 0x00000000fdf00000, 0x00000000fdf00000| Untracked 
|  32|0x00000000fe000000, 0x00000000fe000000, 0x00000000fe100000|  0%| F|  |TAMS 0x00000000fe000000, 0x00000000fe000000| Untracked 
|  33|0x00000000fe100000, 0x00000000fe100000, 0x00000000fe200000|  0%| F|  |TAMS 0x00000000fe100000, 0x00000000fe100000| Untracked 
|  34|0x00000000fe200000, 0x00000000fe200000, 0x00000000fe300000|  0%| F|  |TAMS 0x00000000fe200000, 0x00000000fe200000| Untracked 
|  35|0x00000000fe300000, 0x00000000fe300000, 0x00000000fe400000|  0%| F|  |TAMS 0x00000000fe300000, 0x00000000fe300000| Untracked 
|  36|0x00000000fe400000, 0x00000000fe400000, 0x00000000fe500000|  0%| F|  |TAMS 0x00000000fe400000, 0x00000000fe400000| Untracked 
|  37|0x00000000fe500000, 0x00000000fe500000, 0x00000000fe600000|  0%| F|  |TAMS 0x00000000fe500000, 0x00000000fe500000| Untracked 
|  38|0x00000000fe600000, 0x00000000fe700000, 0x00000000fe700000|100%| S|CS|TAMS 0x00000000fe600000, 0x00000000fe600000| Complete 
|  39|0x00000000fe700000, 0x00000000fe800000, 0x00000000fe800000|100%| S|CS|TAMS 0x00000000fe700000, 0x00000000fe700000| Complete 
|  40|0x00000000fe800000, 0x00000000fe900000, 0x00000000fe900000|100%| S|CS|TAMS 0x00000000fe800000, 0x00000000fe800000| Complete 
|  41|0x00000000fe900000, 0x00000000fe900000, 0x00000000fea00000|  0%| F|  |TAMS 0x00000000fe900000, 0x00000000fe900000| Untracked 
|  42|0x00000000fea00000, 0x00000000fea00000, 0x00000000feb00000|  0%| F|  |TAMS 0x00000000fea00000, 0x00000000fea00000| Untracked 
|  43|0x00000000feb00000, 0x00000000feb00000, 0x00000000fec00000|  0%| F|  |TAMS 0x00000000feb00000, 0x00000000feb00000| Untracked 
|  44|0x00000000fec00000, 0x00000000fec00000, 0x00000000fed00000|  0%| F|  |TAMS 0x00000000fec00000, 0x00000000fec00000| Untracked 
|  45|0x00000000fed00000, 0x00000000fed00000, 0x00000000fee00000|  0%| F|  |TAMS 0x00000000fed00000, 0x00000000fed00000| Untracked 
|  46|0x00000000fee00000, 0x00000000fee00000, 0x00000000fef00000|  0%| F|  |TAMS 0x00000000fee00000, 0x00000000fee00000| Untracked 
|  47|0x00000000fef00000, 0x00000000fef00000, 0x00000000ff000000|  0%| F|  |TAMS 0x00000000fef00000, 0x00000000fef00000| Untracked 
|  48|0x00000000ff000000, 0x00000000ff000000, 0x00000000ff100000|  0%| F|  |TAMS 0x00000000ff000000, 0x00000000ff000000| Untracked 
|  49|0x00000000ff100000, 0x00000000ff100000, 0x00000000ff200000|  0%| F|  |TAMS 0x00000000ff100000, 0x00000000ff100000| Untracked 
|  50|0x00000000ff200000, 0x00000000ff200000, 0x00000000ff300000|  0%| F|  |TAMS 0x00000000ff200000, 0x00000000ff200000| Untracked 
|  51|0x00000000ff300000, 0x00000000ff300000, 0x00000000ff400000|  0%| F|  |TAMS 0x00000000ff300000, 0x00000000ff300000| Untracked 
|  52|0x00000000ff400000, 0x00000000ff400000, 0x00000000ff500000|  0%| F|  |TAMS 0x00000000ff400000, 0x00000000ff400000| Untracked 
|  53|0x00000000ff500000, 0x00000000ff500000, 0x00000000ff600000|  0%| F|  |TAMS 0x00000000ff500000, 0x00000000ff500000| Untracked 
|  54|0x00000000ff600000, 0x00000000ff600000, 0x00000000ff700000|  0%| F|  |TAMS 0x00000000ff600000, 0x00000000ff600000| Untracked 
|  55|0x00000000ff700000, 0x00000000ff700000, 0x00000000ff800000|  0%| F|  |TAMS 0x00000000ff700000, 0x00000000ff700000| Untracked 
|  56|0x00000000ff800000, 0x00000000ff800000, 0x00000000ff900000|  0%| F|  |TAMS 0x00000000ff800000, 0x00000000ff800000| Untracked 
|  57|0x00000000ff900000, 0x00000000ff900000, 0x00000000ffa00000|  0%| F|  |TAMS 0x00000000ff900000, 0x00000000ff900000| Untracked 
|  58|0x00000000ffa00000, 0x00000000ffa00000, 0x00000000ffb00000|  0%| F|  |TAMS 0x00000000ffa00000, 0x00000000ffa00000| Untracked 
|  59|0x00000000ffb00000, 0x00000000ffb00000, 0x00000000ffc00000|  0%| F|  |TAMS 0x00000000ffb00000, 0x00000000ffb00000| Untracked 
|  60|0x00000000ffc00000, 0x00000000ffc00000, 0x00000000ffd00000|  0%| F|  |TAMS 0x00000000ffc00000, 0x00000000ffc00000| Untracked 
|  61|0x00000000ffd00000, 0x00000000ffd00000, 0x00000000ffe00000|  0%| F|  |TAMS 0x00000000ffd00000, 0x00000000ffd00000| Untracked 
|  62|0x00000000ffe00000, 0x00000000ffeab7e8, 0x00000000fff00000| 66%| E|  |TAMS 0x00000000ffe00000, 0x00000000ffe00000| Complete 
|  63|0x00000000fff00000, 0x0000000100000000, 0x0000000100000000|100%| E|CS|TAMS 0x00000000fff00000, 0x00000000fff00000| Complete 

Card table byte_map: [0x000001a543840000,0x000001a543860000] _byte_map_base: 0x000001a543060000

Marking Bits (Prev, Next): (CMBitMap*) 0x000001a5439304c0, (CMBitMap*) 0x000001a543930500
 Prev Bits: [0x000001a55a490000, 0x000001a55a590000)
 Next Bits: [0x000001a55a590000, 0x000001a55a690000)

Polling page: 0x000001a5417e0000

Metaspace:

Usage:
  Non-class:      3.54 MB used.
      Class:    544.44 KB used.
       Both:      4.07 MB used.

Virtual space:
  Non-class space:        8.00 MB reserved,       3.56 MB ( 45%) committed,  1 nodes.
      Class space:        1.00 GB reserved,     640.00 KB ( <1%) committed,  1 nodes.
             Both:        1.01 GB reserved,       4.19 MB ( <1%) committed. 

Chunk freelists:
   Non-Class:  2.42 MB
       Class:  3.39 MB
        Both:  5.81 MB

MaxMetaspaceSize: unlimited
CompressedClassSpaceSize: 1.00 GB
Initial GC threshold: 21.00 MB
Current GC threshold: 21.00 MB
CDS: on
MetaspaceReclaimPolicy: balanced
 - commit_granule_bytes: 65536.
 - commit_granule_words: 8192.
 - virtual_space_node_default_size: 1048576.
 - enlarge_chunks_in_place: 1.
 - new_chunks_are_fully_committed: 0.
 - uncommit_free_chunks: 1.
 - use_allocation_guard: 0.
 - handle_deallocations: 1.


Internal statistics:

num_allocs_failed_limit: 0.
num_arena_births: 44.
num_arena_deaths: 0.
num_vsnodes_births: 2.
num_vsnodes_deaths: 0.
num_space_committed: 67.
num_space_uncommitted: 0.
num_chunks_returned_to_freelist: 0.
num_chunks_taken_from_freelist: 143.
num_chunk_merges: 0.
num_chunk_splits: 91.
num_chunks_enlarged: 80.
num_purges: 0.
num_inconsistent_stats: 0.

CodeHeap 'non-profiled nmethods': size=120000Kb used=356Kb max_used=356Kb free=119643Kb
 bounds [0x000001a552c30000, 0x000001a552ea0000, 0x000001a55a160000]
CodeHeap 'profiled nmethods': size=120000Kb used=1676Kb max_used=1676Kb free=118323Kb
 bounds [0x000001a54b700000, 0x000001a54b970000, 0x000001a552c30000]
CodeHeap 'non-nmethods': size=5760Kb used=1143Kb max_used=1165Kb free=4616Kb
 bounds [0x000001a54b160000, 0x000001a54b3d0000, 0x000001a54b700000]
 total_blobs=1274 nmethods=856 adapters=331
 compilation: enabled
              stopped_count=0, restarted_count=0
 full_count=0

Compilation events (20 events):
Event: 34.579 Thread 0x000001a5439dd3b0  853   !   3       java.util.jar.JarFile::getManifestFromReference (197 bytes)
Event: 34.581 Thread 0x000001a5439dd3b0 nmethod 853 0x000001a54b89bd10 code [0x000001a54b89c020, 0x000001a54b89d4d8]
Event: 34.581 Thread 0x000001a5439dd3b0  852       3       java.util.jar.JarFile::getManifest (5 bytes)
Event: 34.581 Thread 0x000001a5439dd3b0 nmethod 852 0x000001a54b89dc10 code [0x000001a54b89dda0, 0x000001a54b89dee8]
Event: 34.582 Thread 0x000001a5439dd3b0  848       3       jdk.internal.loader.URLClassPath$JarLoader$2::getCodeSourceURL (8 bytes)
Event: 34.582 Thread 0x000001a5439dd3b0 nmethod 848 0x000001a54b89df90 code [0x000001a54b89e120, 0x000001a54b89e238]
Event: 34.582 Thread 0x000001a5439dd3b0  849       3       jdk.internal.loader.URLClassPath$JarLoader$2::getManifest (26 bytes)
Event: 34.583 Thread 0x000001a5439dd3b0 nmethod 849 0x000001a54b89e310 code [0x000001a54b89e520, 0x000001a54b89eba8]
Event: 34.583 Thread 0x000001a5439dd3b0  850       3       java.util.jar.JavaUtilJarAccessImpl::ensureInitialization (5 bytes)
Event: 34.583 Thread 0x000001a5439dd3b0 nmethod 850 0x000001a54b89ef10 code [0x000001a54b89f0c0, 0x000001a54b89f288]
Event: 34.583 Thread 0x000001a5439dd3b0  851  s!   3       java.util.jar.JarFile::ensureInitialization (74 bytes)
Event: 34.584 Thread 0x000001a5439dd3b0 nmethod 851 0x000001a54b89f390 code [0x000001a54b89f5a0, 0x000001a54b89fbd8]
Event: 34.584 Thread 0x000001a5439dd3b0  854       3       jdk.internal.loader.Resource::getByteBuffer (24 bytes)
Event: 34.584 Thread 0x000001a5439dd3b0 nmethod 854 0x000001a54b89fd90 code [0x000001a54b89ff80, 0x000001a54b8a06f8]
Event: 34.584 Thread 0x000001a5439dd3b0  855       3       jdk.internal.loader.URLClassPath$JarLoader$2::getBytes (48 bytes)
Event: 34.585 Thread 0x000001a5439dd3b0 nmethod 855 0x000001a54b8a0910 code [0x000001a54b8a0b00, 0x000001a54b8a1148]
Event: 34.586 Thread 0x000001a5439dd3b0  856       3       java.util.WeakHashMap::put (160 bytes)
Event: 34.589 Thread 0x000001a5439dd3b0 nmethod 856 0x000001a54b8a1410 code [0x000001a54b8a16a0, 0x000001a54b8a26e8]
Event: 34.618 Thread 0x000001a5439dd3b0  857       3       sun.nio.fs.WindowsPath::<init> (26 bytes)
Event: 34.618 Thread 0x000001a5439dd3b0 nmethod 857 0x000001a54b8a2c10 code [0x000001a54b8a2dc0, 0x000001a54b8a3098]

GC Heap History (2 events):
Event: 34.535 GC heap before
{Heap before GC invocations=0 (full 0):
 garbage-first heap   total 65536K, used 26624K [0x00000000fc000000, 0x0000000100000000)
  region size 1024K, 23 young (23552K), 0 survivors (0K)
 Metaspace       used 3762K, committed 3904K, reserved 1056768K
  class space    used 478K, committed 512K, reserved 1048576K
}
Event: 34.554 GC heap after
{Heap after GC invocations=1 (full 0):
 garbage-first heap   total 65536K, used 10400K [0x00000000fc000000, 0x0000000100000000)
  region size 1024K, 3 young (3072K), 3 survivors (3072K)
 Metaspace       used 3762K, committed 3904K, reserved 1056768K
  class space    used 478K, committed 512K, reserved 1048576K
}

Deoptimization events (20 events):
Event: 34.115 Thread 0x000001a54390f3e0 DEOPT PACKING pc=0x000001a552c4d52c sp=0x000000a0a25fd2d0
Event: 34.115 Thread 0x000001a54390f3e0 DEOPT UNPACKING pc=0x000001a54b1b5c23 sp=0x000000a0a25fd268 mode 2
Event: 34.115 Thread 0x000001a54390f3e0 Uncommon trap: trap_request=0xffffffde fr.pc=0x000001a552c4d52c relative=0x000000000000030c
Event: 34.115 Thread 0x000001a54390f3e0 Uncommon trap: reason=class_check action=maybe_recompile pc=0x000001a552c4d52c method=java.util.regex.Matcher.match(II)Z @ 121 c2
Event: 34.115 Thread 0x000001a54390f3e0 DEOPT PACKING pc=0x000001a552c4d52c sp=0x000000a0a25fd2d0
Event: 34.115 Thread 0x000001a54390f3e0 DEOPT UNPACKING pc=0x000001a54b1b5c23 sp=0x000000a0a25fd268 mode 2
Event: 34.117 Thread 0x000001a54390f3e0 Uncommon trap: trap_request=0xffffffde fr.pc=0x000001a552c4d52c relative=0x000000000000030c
Event: 34.117 Thread 0x000001a54390f3e0 Uncommon trap: reason=class_check action=maybe_recompile pc=0x000001a552c4d52c method=java.util.regex.Matcher.match(II)Z @ 121 c2
Event: 34.117 Thread 0x000001a54390f3e0 DEOPT PACKING pc=0x000001a552c4d52c sp=0x000000a0a25fd150
Event: 34.117 Thread 0x000001a54390f3e0 DEOPT UNPACKING pc=0x000001a54b1b5c23 sp=0x000000a0a25fd0e8 mode 2
Event: 34.117 Thread 0x000001a54390f3e0 Uncommon trap: trap_request=0xffffffde fr.pc=0x000001a552c4d52c relative=0x000000000000030c
Event: 34.117 Thread 0x000001a54390f3e0 Uncommon trap: reason=class_check action=maybe_recompile pc=0x000001a552c4d52c method=java.util.regex.Matcher.match(II)Z @ 121 c2
Event: 34.117 Thread 0x000001a54390f3e0 DEOPT PACKING pc=0x000001a552c4d52c sp=0x000000a0a25fd150
Event: 34.117 Thread 0x000001a54390f3e0 DEOPT UNPACKING pc=0x000001a54b1b5c23 sp=0x000000a0a25fd0e8 mode 2
Event: 34.229 Thread 0x000001a54390f3e0 Uncommon trap: trap_request=0xffffff45 fr.pc=0x000001a552c79c34 relative=0x0000000000000214
Event: 34.229 Thread 0x000001a54390f3e0 Uncommon trap: reason=unstable_if action=reinterpret pc=0x000001a552c79c34 method=java.lang.String.startsWith(Ljava/lang/String;I)Z @ 14 c2
Event: 34.229 Thread 0x000001a54390f3e0 DEOPT PACKING pc=0x000001a552c79c34 sp=0x000000a0a25fc420
Event: 34.229 Thread 0x000001a54390f3e0 DEOPT UNPACKING pc=0x000001a54b1b5c23 sp=0x000000a0a25fc380 mode 2
Event: 34.555 Thread 0x000001a54390f3e0 DEOPT PACKING pc=0x000001a54b7e00a7 sp=0x000000a0a25fbec0
Event: 34.555 Thread 0x000001a54390f3e0 DEOPT UNPACKING pc=0x000001a54b1b6763 sp=0x000000a0a25fb320 mode 0

Classes unloaded (0 events):
No events

Classes redefined (0 events):
No events

Internal exceptions (9 events):
Event: 4.914 Thread 0x000001a54390f3e0 Exception <a 'java/lang/NoSuchMethodError'{0x00000000ffcfd170}: 'int java.lang.invoke.DirectMethodHandle$Holder.invokeStaticInit(java.lang.Object, java.lang.Object)'> (0x00000000ffcfd170) 
thrown [t:\workspace\open\src\hotspot\share\interpreter\linkResolver.cpp, line 766]
Event: 34.126 Thread 0x000001a54390f3e0 Exception <a 'java/lang/NoSuchMethodError'{0x00000000fea2a488}: 'void java.lang.invoke.DirectMethodHandle$Holder.invokeStatic(java.lang.Object, java.lang.Object)'> (0x00000000fea2a488) 
thrown [t:\workspace\open\src\hotspot\share\interpreter\linkResolver.cpp, line 766]
Event: 34.211 Thread 0x000001a54390f3e0 Exception <a 'java/lang/NoClassDefFoundError'{0x00000000feaaf048}: org/slf4j/impl/StaticMarkerBinder> (0x00000000feaaf048) 
thrown [t:\workspace\open\src\hotspot\share\classfile\systemDictionary.cpp, line 245]
Event: 34.251 Thread 0x000001a54390f3e0 Exception <a 'java/lang/NoSuchMethodError'{0x00000000fe94bc88}: 'java.lang.Object java.lang.invoke.DirectMethodHandle$Holder.invokeVirtual(java.lang.Object, java.lang.Object, java.lang.Object, java.lang.Object, java.lang.Object, java.lang.Object, java.lang.Object)'> (0x00000000fe94bc88) 
thrown [t:\workspace\open\src\hotspot\share\interpreter\linkResolver.cpp, line 766]
Event: 34.275 Thread 0x000001a54390f3e0 Exception <a 'java/lang/NoSuchMethodError'{0x00000000fe95d288}: 'java.lang.Object java.lang.invoke.Invokers$Holder.invoker(java.lang.Object, java.lang.Object, java.lang.Object)'> (0x00000000fe95d288) 
thrown [t:\workspace\open\src\hotspot\share\interpreter\linkResolver.cpp, line 766]
Event: 34.323 Thread 0x000001a54390f3e0 Exception <a 'java/lang/NoSuchMethodError'{0x00000000fe966358}: 'java.lang.Object java.lang.invoke.DirectMethodHandle$Holder.invokeStatic(java.lang.Object, java.lang.Object, int)'> (0x00000000fe966358) 
thrown [t:\workspace\open\src\hotspot\share\interpreter\linkResolver.cpp, line 766]
Event: 34.327 Thread 0x000001a54390f3e0 Exception <a 'java/lang/NoSuchMethodError'{0x00000000fe972048}: 'void java.lang.invoke.DelegatingMethodHandle$Holder.delegate(java.lang.Object, java.lang.Object, int, java.lang.Object)'> (0x00000000fe972048) 
thrown [t:\workspace\open\src\hotspot\share\interpreter\linkResolver.cpp, line 766]
Event: 34.332 Thread 0x000001a54390f3e0 Exception <a 'java/lang/NoSuchMethodError'{0x00000000fe976190}: 'int java.lang.invoke.DirectMethodHandle$Holder.invokeSpecial(java.lang.Object, java.lang.Object, java.lang.Object)'> (0x00000000fe976190) 
thrown [t:\workspace\open\src\hotspot\share\interpreter\linkResolver.cpp, line 766]
Event: 34.348 Thread 0x000001a54390f3e0 Exception <a 'java/lang/NoSuchMethodError'{0x00000000fe989520}: 'java.lang.Object java.lang.invoke.Invokers$Holder.invokeExact_MT(java.lang.Object, java.lang.Object, java.lang.Object, java.lang.Object)'> (0x00000000fe989520) 
thrown [t:\workspace\open\src\hotspot\share\interpreter\linkResolver.cpp, line 766]

VM Operations (20 events):
Event: 20.230 Executing VM operation: Cleanup
Event: 20.305 Executing VM operation: Cleanup done
Event: 22.332 Executing VM operation: Cleanup
Event: 22.333 Executing VM operation: Cleanup done
Event: 26.344 Executing VM operation: Cleanup
Event: 26.344 Executing VM operation: Cleanup done
Event: 31.384 Executing VM operation: Cleanup
Event: 31.384 Executing VM operation: Cleanup done
Event: 33.355 Executing VM operation: HandshakeAllThreads
Event: 33.355 Executing VM operation: HandshakeAllThreads done
Event: 33.355 Executing VM operation: Cleanup
Event: 33.355 Executing VM operation: Cleanup done
Event: 34.203 Executing VM operation: HandshakeAllThreads
Event: 34.203 Executing VM operation: HandshakeAllThreads done
Event: 34.203 Executing VM operation: HandshakeAllThreads
Event: 34.203 Executing VM operation: HandshakeAllThreads done
Event: 34.285 Executing VM operation: HandshakeAllThreads
Event: 34.285 Executing VM operation: HandshakeAllThreads done
Event: 34.534 Executing VM operation: G1CollectForAllocation
Event: 34.554 Executing VM operation: G1CollectForAllocation done

Events (20 events):
Event: 34.601 loading class java/util/concurrent/ScheduledFuture
Event: 34.601 loading class java/util/concurrent/Delayed
Event: 34.601 loading class java/util/concurrent/Delayed done
Event: 34.601 loading class java/util/concurrent/ScheduledFuture done
Event: 34.601 loading class java/util/concurrent/RunnableScheduledFuture done
Event: 34.601 loading class java/util/concurrent/Executors$DefaultThreadFactory
Event: 34.601 loading class java/util/concurrent/Executors$DefaultThreadFactory done
Event: 34.602 loading class java/util/concurrent/ScheduledThreadPoolExecutor$ScheduledFutureTask
Event: 34.603 loading class java/util/concurrent/FutureTask
Event: 34.603 loading class java/util/concurrent/FutureTask done
Event: 34.603 loading class java/util/concurrent/ScheduledThreadPoolExecutor$ScheduledFutureTask done
Event: 34.605 loading class java/util/concurrent/FutureTask$WaitNode
Event: 34.605 loading class java/util/concurrent/FutureTask$WaitNode done
Event: 34.606 loading class java/util/concurrent/Executors$RunnableAdapter
Event: 34.606 loading class java/util/concurrent/Executors$RunnableAdapter done
Event: 34.606 loading class java/util/concurrent/ThreadPoolExecutor$Worker
Event: 34.606 loading class java/util/concurrent/ThreadPoolExecutor$Worker done
Event: 34.606 loading class java/lang/Thread$State
Event: 34.606 loading class java/lang/Thread$State done
Event: 34.607 Thread 0x000001a55de04c00 Thread added: 0x000001a55de04c00


Dynamic libraries:
0x00007ff789980000 - 0x00007ff789990000 	C:\Program Files\Java\jdk-17.0.2\bin\java.exe
0x00007ffbc7bb0000 - 0x00007ffbc7dc4000 	C:\WINDOWS\SYSTEM32\ntdll.dll
0x00007ffbc6e90000 - 0x00007ffbc6f54000 	C:\WINDOWS\System32\KERNEL32.DLL
0x00007ffbc51d0000 - 0x00007ffbc5574000 	C:\WINDOWS\System32\KERNELBASE.dll
0x00007ffbc5730000 - 0x00007ffbc5841000 	C:\WINDOWS\System32\ucrtbase.dll
0x00007ffbc03e0000 - 0x00007ffbc03fa000 	C:\Program Files\Java\jdk-17.0.2\bin\VCRUNTIME140.dll
0x00007ffbb3890000 - 0x00007ffbb38a8000 	C:\Program Files\Java\jdk-17.0.2\bin\jli.dll
0x00007ffbc5a60000 - 0x00007ffbc5b10000 	C:\WINDOWS\System32\ADVAPI32.dll
0x00007ffbc6de0000 - 0x00007ffbc6e87000 	C:\WINDOWS\System32\msvcrt.dll
0x00007ffbc6310000 - 0x00007ffbc63b6000 	C:\WINDOWS\System32\sechost.dll
0x00007ffbc6f60000 - 0x00007ffbc7077000 	C:\WINDOWS\System32\RPCRT4.dll
0x00007ffbc6410000 - 0x00007ffbc65ba000 	C:\WINDOWS\System32\USER32.dll
0x00007ffbc51a0000 - 0x00007ffbc51c6000 	C:\WINDOWS\System32\win32u.dll
0x00007ffbc59b0000 - 0x00007ffbc59d9000 	C:\WINDOWS\System32\GDI32.dll
0x00007ffbc5850000 - 0x00007ffbc5969000 	C:\WINDOWS\System32\gdi32full.dll
0x00007ffbc4f90000 - 0x00007ffbc502a000 	C:\WINDOWS\System32\msvcp_win.dll
0x00007ffbad340000 - 0x00007ffbad5cf000 	C:\WINDOWS\WinSxS\amd64_microsoft.windows.common-controls_6595b64144ccf1df_6.0.22621.2070_none_2713e6537381f706\COMCTL32.dll
0x00007ffbbba70000 - 0x00007ffbbba7a000 	C:\WINDOWS\SYSTEM32\VERSION.dll
0x00007ffbc7960000 - 0x00007ffbc7991000 	C:\WINDOWS\System32\IMM32.DLL
0x00007ffbc03d0000 - 0x00007ffbc03dc000 	C:\Program Files\Java\jdk-17.0.2\bin\vcruntime140_1.dll
0x00007ffb5b540000 - 0x00007ffb5b5cd000 	C:\Program Files\Java\jdk-17.0.2\bin\msvcp140.dll
0x00007ffb4e740000 - 0x00007ffb4f301000 	C:\Program Files\Java\jdk-17.0.2\bin\server\jvm.dll
0x00007ffbc5ec0000 - 0x00007ffbc5ec8000 	C:\WINDOWS\System32\PSAPI.DLL
0x00007ffba5ee0000 - 0x00007ffba5ee9000 	C:\WINDOWS\SYSTEM32\WSOCK32.dll
0x00007ffbc59e0000 - 0x00007ffbc5a51000 	C:\WINDOWS\System32\WS2_32.dll
0x00007ffbbc360000 - 0x00007ffbbc394000 	C:\WINDOWS\SYSTEM32\WINMM.dll
0x00007ffbc40c0000 - 0x00007ffbc40d8000 	C:\WINDOWS\SYSTEM32\kernel.appcore.dll
0x00007ffbc0330000 - 0x00007ffbc033a000 	C:\Program Files\Java\jdk-17.0.2\bin\jimage.dll
0x00007ffbbb460000 - 0x00007ffbbb68e000 	C:\WINDOWS\SYSTEM32\DBGHELP.DLL
0x00007ffbc5f80000 - 0x00007ffbc630a000 	C:\WINDOWS\System32\combase.dll
0x00007ffbc5c10000 - 0x00007ffbc5ce7000 	C:\WINDOWS\System32\OLEAUT32.dll
0x00007ffba9250000 - 0x00007ffba9282000 	C:\WINDOWS\SYSTEM32\dbgcore.DLL
0x00007ffbc5580000 - 0x00007ffbc55fa000 	C:\WINDOWS\System32\bcryptPrimitives.dll
0x00007ffbb1ef0000 - 0x00007ffbb1f15000 	C:\Program Files\Java\jdk-17.0.2\bin\java.dll
0x00007ffb59900000 - 0x00007ffb599d6000 	C:\Program Files\Java\jdk-17.0.2\bin\jsvml.dll
0x00007ffbc65c0000 - 0x00007ffbc6dd6000 	C:\WINDOWS\System32\SHELL32.dll
0x00007ffbc2f70000 - 0x00007ffbc385a000 	C:\WINDOWS\SYSTEM32\windows.storage.dll
0x00007ffbc2e30000 - 0x00007ffbc2f6e000 	C:\WINDOWS\SYSTEM32\wintypes.dll
0x00007ffbc7220000 - 0x00007ffbc7313000 	C:\WINDOWS\System32\SHCORE.dll
0x00007ffbc79b0000 - 0x00007ffbc7a0e000 	C:\WINDOWS\System32\shlwapi.dll
0x00007ffbc4ec0000 - 0x00007ffbc4ee6000 	C:\WINDOWS\SYSTEM32\profapi.dll
0x00007ffbb1fa0000 - 0x00007ffbb1fb9000 	C:\Program Files\Java\jdk-17.0.2\bin\net.dll
0x00007ffbbe1e0000 - 0x00007ffbbe317000 	C:\WINDOWS\SYSTEM32\WINHTTP.dll
0x00007ffbc4540000 - 0x00007ffbc45a9000 	C:\WINDOWS\system32\mswsock.dll
0x00007ffbabe10000 - 0x00007ffbabe26000 	C:\Program Files\Java\jdk-17.0.2\bin\nio.dll
0x00007ffba0a50000 - 0x00007ffba0a68000 	C:\Program Files\Java\jdk-17.0.2\bin\zip.dll
0x00007ffbbc490000 - 0x00007ffbbc4a0000 	C:\Program Files\Java\jdk-17.0.2\bin\verify.dll
0x00007ffb891f0000 - 0x00007ffb89217000 	C:\Users\h6263\.gradle\native\68d5fa5c4cc2d200863cafc0d521ce42e7d3e7ee720ec0a83991735586a16f82\windows-amd64\native-platform.dll

dbghelp: loaded successfully - version: 4.0.5 - missing functions: none
symbol engine: initialized successfully - sym options: 0x614 - pdb path: .;C:\Program Files\Java\jdk-17.0.2\bin;C:\WINDOWS\SYSTEM32;C:\WINDOWS\WinSxS\amd64_microsoft.windows.common-controls_6595b64144ccf1df_6.0.22621.2070_none_2713e6537381f706;C:\Program Files\Java\jdk-17.0.2\bin\server;C:\Users\h6263\.gradle\native\68d5fa5c4cc2d200863cafc0d521ce42e7d3e7ee720ec0a83991735586a16f82\windows-amd64

VM Arguments:
jvm_args: -Xmx64m -Xms64m -Dorg.gradle.appname=gradlew 
java_command: org.gradle.wrapper.GradleWrapperMain tasks
java_class_path (initial): C:\Users\h6263\test\android\\gradle\wrapper\gradle-wrapper.jar
Launcher Type: SUN_STANDARD

[Global flags]
     intx CICompilerCount                          = 4                                         {product} {ergonomic}
     uint ConcGCThreads                            = 2                                         {product} {ergonomic}
     uint G1ConcRefinementThreads                  = 8                                         {product} {ergonomic}
   size_t G1HeapRegionSize                         = 1048576                                   {product} {ergonomic}
    uintx GCDrainStackTargetSize                   = 64                                        {product} {ergonomic}
   size_t InitialHeapSize                          = 67108864                                  {product} {command line}
   size_t MarkStackSize                            = 4194304                                   {product} {ergonomic}
   size_t MaxHeapSize                              = 67108864                                  {product} {command line}
   size_t MaxNewSize                               = 39845888                                  {product} {ergonomic}
   size_t MinHeapDeltaBytes                        = 1048576                                   {product} {ergonomic}
   size_t MinHeapSize                              = 67108864                                  {product} {command line}
    uintx NonNMethodCodeHeapSize                   = 5839372                                {pd product} {ergonomic}
    uintx NonProfiledCodeHeapSize                  = 122909434                              {pd product} {ergonomic}
    uintx ProfiledCodeHeapSize                     = 122909434                              {pd product} {ergonomic}
    uintx ReservedCodeCacheSize                    = 251658240                              {pd product} {ergonomic}
     bool SegmentedCodeCache                       = true                                      {product} {ergonomic}
   size_t SoftMaxHeapSize                          = 67108864                               {manageable} {ergonomic}
     bool UseCompressedClassPointers               = true                           {product lp64_product} {ergonomic}
     bool UseCompressedOops                        = true                           {product lp64_product} {ergonomic}
     bool UseG1GC                                  = true                                      {product} {ergonomic}
     bool UseLargePagesIndividualAllocation        = false                                  {pd product} {ergonomic}

Logging:
Log output configuration:
 #0: stdout all=warning uptime,level,tags
 #1: stderr all=off uptime,level,tags

Environment Variables:
JAVA_HOME=C:\Program Files\Java\jdk-17.0.2
CLASSPATH=C:\Users\h6263\test\android\\gradle\wrapper\gradle-wrapper.jar
PATH=C:\Users\h6263\test\node_modules\.bin;C:\Users\h6263\test\node_modules\.bin;C:\Users\h6263\node_modules\.bin;C:\Users\node_modules\.bin;C:\node_modules\.bin;C:\Users\h6263\AppData\Roaming\npm\node_modules\npm\node_modules\@npmcli\run-script\lib\node-gyp-bin;C:\Program Files\Common Files\Oracle\Java\javapath;C:\Program Files (x86)\Common Files\Oracle\Java\javapath;C:\Python311\Scripts\;C:\Python311\;C:\Program Files\GTK3-Runtime Win64\bin;C:\Program Files\MySQL\MySQL Server 8.0\bin;C:\app\h6263\product\21c\dbhomeXE\bin;C:\WINDOWS\system32;C:\WINDOWS;C:\WINDOWS\System32\Wbem;C:\WINDOWS\System32\WindowsPowerShell\v1.0\;C:\WINDOWS\System32\OpenSSH\;C:\MinGW\bin;C:\Program Files\Git\cmd;C:\Django;C:\Users\h6263\AppData\Local\Programs\Python\Python310\;C:\Program Files\nodejs\;C:\Program Files\Java\jdk-17.0.2\bin;C:\Users\h6263\AppData\Local\Android\Sdk\tools;C:\Users\h6263\AppData\Local\jdk-11.0.2\bin;C:\Users\h6263\AppData\Local\Android\Sdk\tools;C:\Users\h6263\AppData\Local\jdk-11.0.2\bin;C:\Program Files\MySQL\MySQL Shell 8.0\bin\;C:\Users\h6263\AppData\Local\Programs\Python\Python310\Scripts\;C:\Users\h6263\AppData\Local\Programs\Python\Python310\;C:\Users\h6263\AppData\Local\Microsoft\WindowsApps;C:\Users\h6263\AppData\Local\Programs\Microsoft VS Code\bin;C:\Program Files\JetBrains\IntelliJ IDEA Community Edition 2022.1.3\bin;;C:\Users\h6263\AppData\Roaming\npm;C:\Users\h6263\AppData\Local\Android\Sdk\platform-tools;
USERNAME=h6263
LANG=en_US.UTF-8
OS=Windows_NT
PROCESSOR_IDENTIFIER=Intel64 Family 6 Model 140 Stepping 1, GenuineIntel



---------------  S Y S T E M  ---------------

OS:
 Windows 11 , 64 bit Build 22621 (10.0.22621.2070)
OS uptime: 7 days 14:53 hours

CPU: total 8 (initial active 8) (4 cores per cpu, 2 threads per core) family 6 model 140 stepping 1 microcode 0x8a, cx8, cmov, fxsr, ht, mmx, 3dnowpref, sse, sse2, sse3, ssse3, sse4.1, sse4.2, popcnt, lzcnt, tsc, tscinvbit, avx, avx2, aes, erms, clmul, bmi1, bmi2, adx, avx512f, avx512dq, avx512cd, avx512bw, avx512vl, sha, fma, vzeroupper, avx512_vpopcntdq, avx512_vpclmulqdq, avx512_vaes, avx512_vnni, clflush, clflushopt, clwb, avx512_vbmi2, avx512_vbmi

Memory: 4k page, system-wide physical 7900M (678M free)
TotalPageFile size 32476M (AvailPageFile size 210M)
current process WorkingSet (physical memory assigned to process): 62M, peak: 62M
current process commit charge ("private bytes"): 161M, peak: 163M

vm_info: Java HotSpot(TM) 64-Bit Server VM (17.0.2+8-LTS-86) for windows-amd64 JRE (17.0.2+8-LTS-86), built on Dec  7 2021 21:51:03 by "mach5one" with MS VC++ 16.8 / 16.9 (VS2019)

END.
