#
# There is insufficient memory for the Java Runtime Environment to continue.
# Native memory allocation (mmap) failed to map 65536 bytes for Failed to commit metaspace.
# Possible reasons:
#   The system is out of physical RAM or swap space
#   The process is running with CompressedOops enabled, and the Java Heap may be blocking the growth of the native heap
# Possible solutions:
#   Reduce memory load on the system
#   Increase physical memory or swap space
#   Check if swap backing store is full
#   Decrease Java heap size (-Xmx/-Xms)
#   Decrease number of Java threads
#   Decrease Java thread stack sizes (-Xss)
#   Set larger code cache with -XX:ReservedCodeCacheSize=
#   JVM is running with Unscaled Compressed Oops mode in which the Java heap is
#     placed in the first 4GB address space. The Java Heap base address is the
#     maximum limit for the native heap growth. Please use -XX:HeapBaseMinAddress
#     to set the Java Heap base and to place the Java Heap above 4GB virtual address.
# This output file may be truncated or incomplete.
#
#  Out of Memory Error (virtualSpaceNode.cpp:110), pid=63360, tid=64396
#
# JRE version: Java(TM) SE Runtime Environment (17.0.2+8) (build 17.0.2+8-LTS-86)
# Java VM: Java HotSpot(TM) 64-Bit Server VM (17.0.2+8-LTS-86, mixed mode, sharing, tiered, compressed oops, compressed class ptrs, g1 gc, windows-amd64)
# No core dump will be written. Minidumps are not enabled by default on client versions of Windows
#

---------------  S U M M A R Y ------------

Command Line: -Xmx64m -Xms64m -Dorg.gradle.appname=gradlew org.gradle.wrapper.GradleWrapperMain tasks

Host: 11th Gen Intel(R) Core(TM) i7-1165G7 @ 2.80GHz, 8 cores, 7G,  Windows 11 , 64 bit Build 22621 (10.0.22621.2070)
Time: Tue Sep 12 03:04:38 2023  Windows 11 , 64 bit Build 22621 (10.0.22621.2070) elapsed time: 32.311888 seconds (0d 0h 0m 32s)

---------------  T H R E A D  ---------------

Current thread (0x0000023b243507e0):  JavaThread "C1 CompilerThread0" daemon [_thread_in_vm, id=64396, stack(0x000000a65ae00000,0x000000a65af00000)]


Current CompileTask:
C1:  32312 1069   !   3       java.nio.charset.CharsetDecoder::decode (275 bytes)

Stack: [0x000000a65ae00000,0x000000a65af00000]
Native frames: (J=compiled Java code, j=interpreted, Vv=VM code, C=native code)
V  [jvm.dll+0x670baa]
V  [jvm.dll+0x7cfcb4]
V  [jvm.dll+0x7d145e]
V  [jvm.dll+0x7d1ac3]
V  [jvm.dll+0x242bc5]
V  [jvm.dll+0x7cbc5b]
V  [jvm.dll+0x616966]
V  [jvm.dll+0x6169ca]
V  [jvm.dll+0x6191da]
V  [jvm.dll+0x617306]
V  [jvm.dll+0x62846a]
V  [jvm.dll+0x62127a]
V  [jvm.dll+0x1ca2c0]
V  [jvm.dll+0x1ca4af]
V  [jvm.dll+0x144711]
V  [jvm.dll+0x144555]
V  [jvm.dll+0x13bd99]
V  [jvm.dll+0x13e395]
V  [jvm.dll+0x13c674]
V  [jvm.dll+0x13664f]
V  [jvm.dll+0x146176]
V  [jvm.dll+0x131d40]
V  [jvm.dll+0x1320a0]
V  [jvm.dll+0x132366]
V  [jvm.dll+0x1317fa]
V  [jvm.dll+0x1334c1]
V  [jvm.dll+0x224908]
V  [jvm.dll+0x222a6c]
V  [jvm.dll+0x7859bb]
V  [jvm.dll+0x77ff7a]
V  [jvm.dll+0x66fa35]
C  [ucrtbase.dll+0x29363]
C  [KERNEL32.DLL+0x126ad]
C  [ntdll.dll+0x5aa68]


---------------  P R O C E S S  ---------------

Threads class SMR info:
_java_thread_list=0x0000023b3e610d40, length=13, elements={
0x0000023b24290850, 0x0000023b2433a050, 0x0000023b2433ac00, 0x0000023b3d9b4ca0,
0x0000023b3d9b5660, 0x0000023b3d9b8fd0, 0x0000023b3d9ba120, 0x0000023b3d9c0230,
0x0000023b243507e0, 0x0000023b24351100, 0x0000023b3e4503f0, 0x0000023b3e454d00,
0x0000023b3e611260
}

Java Threads: ( => current thread )
  0x0000023b24290850 JavaThread "main" [_thread_in_vm, id=64072, stack(0x000000a65a000000,0x000000a65a100000)]
  0x0000023b2433a050 JavaThread "Reference Handler" daemon [_thread_blocked, id=50432, stack(0x000000a65a700000,0x000000a65a800000)]
  0x0000023b2433ac00 JavaThread "Finalizer" daemon [_thread_blocked, id=33176, stack(0x000000a65a800000,0x000000a65a900000)]
  0x0000023b3d9b4ca0 JavaThread "Signal Dispatcher" daemon [_thread_blocked, id=64272, stack(0x000000a65a900000,0x000000a65aa00000)]
  0x0000023b3d9b5660 JavaThread "Attach Listener" daemon [_thread_blocked, id=64276, stack(0x000000a65aa00000,0x000000a65ab00000)]
  0x0000023b3d9b8fd0 JavaThread "Service Thread" daemon [_thread_blocked, id=64280, stack(0x000000a65ab00000,0x000000a65ac00000)]
  0x0000023b3d9ba120 JavaThread "Monitor Deflation Thread" daemon [_thread_blocked, id=64284, stack(0x000000a65ac00000,0x000000a65ad00000)]
  0x0000023b3d9c0230 JavaThread "C2 CompilerThread0" daemon [_thread_in_native, id=64332, stack(0x000000a65ad00000,0x000000a65ae00000)]
=>0x0000023b243507e0 JavaThread "C1 CompilerThread0" daemon [_thread_in_vm, id=64396, stack(0x000000a65ae00000,0x000000a65af00000)]
  0x0000023b24351100 JavaThread "Sweeper thread" daemon [_thread_blocked, id=64472, stack(0x000000a65af00000,0x000000a65b000000)]
  0x0000023b3e4503f0 JavaThread "Notification Thread" daemon [_thread_blocked, id=64084, stack(0x000000a65b000000,0x000000a65b100000)]
  0x0000023b3e454d00 JavaThread "Common-Cleaner" daemon [_thread_blocked, id=63704, stack(0x000000a65b200000,0x000000a65b300000)]
  0x0000023b3e611260 JavaThread "pool-1-thread-1" [_thread_blocked, id=25956, stack(0x000000a65b800000,0x000000a65b900000)]

Other Threads:
  0x0000023b24330a90 VMThread "VM Thread" [stack: 0x000000a65a600000,0x000000a65a700000] [id=17032]
  0x0000023b3e4548d0 WatcherThread [stack: 0x000000a65b100000,0x000000a65b200000] [id=63356]
  0x0000023b242b00d0 GCTaskThread "GC Thread#0" [stack: 0x000000a65a100000,0x000000a65a200000] [id=63500]
  0x0000023b3f103660 GCTaskThread "GC Thread#1" [stack: 0x000000a65b300000,0x000000a65b400000] [id=54444]
  0x0000023b3ee3cd30 GCTaskThread "GC Thread#2" [stack: 0x000000a65b400000,0x000000a65b500000] [id=54100]
  0x0000023b3effebe0 GCTaskThread "GC Thread#3" [stack: 0x000000a65b500000,0x000000a65b600000] [id=6124]
  0x0000023b3e9c10c0 GCTaskThread "GC Thread#4" [stack: 0x000000a65b600000,0x000000a65b700000] [id=50336]
  0x0000023b3e9c1f80 GCTaskThread "GC Thread#5" [stack: 0x000000a65b700000,0x000000a65b800000] [id=47760]
  0x0000023b242b1810 ConcurrentGCThread "G1 Main Marker" [stack: 0x000000a65a200000,0x000000a65a300000] [id=49064]
  0x0000023b242b2230 ConcurrentGCThread "G1 Conc#0" [stack: 0x000000a65a300000,0x000000a65a400000] [id=59428]
  0x0000023b24311160 ConcurrentGCThread "G1 Refine#0" [stack: 0x000000a65a400000,0x000000a65a500000] [id=58180]
  0x0000023b24311b80 ConcurrentGCThread "G1 Service" [stack: 0x000000a65a500000,0x000000a65a600000] [id=56824]

Threads with active compile tasks:
C2 CompilerThread0    32484 1081       4       java.lang.String::lastIndexOf (12 bytes)
C1 CompilerThread0    32486 1069   !   3       java.nio.charset.CharsetDecoder::decode (275 bytes)

VM state: not at safepoint (normal execution)

VM Mutex/Monitor currently owned by a thread:  ([mutex/lock_event])
[0x0000023b2427ef70] Metaspace_lock - owner thread: 0x0000023b243507e0
[0x0000023b2428cf50] MethodData_lock - owner thread: 0x0000023b243507e0

Heap address: 0x00000000fc000000, size: 64 MB, Compressed Oops mode: 32-bit

CDS archive(s) mapped at: [0x0000000800000000-0x0000000800bc0000-0x0000000800bc0000), size 12320768, SharedBaseAddress: 0x0000000800000000, ArchiveRelocationMode: 0.
Compressed class space mapped at: 0x0000000800c00000-0x0000000840c00000, reserved size: 1073741824
Narrow klass base: 0x0000000800000000, Narrow klass shift: 0, Narrow klass range: 0x100000000

GC Precious Log:
 CPUs: 8 total, 8 available
 Memory: 7900M
 Large Page Support: Disabled
 NUMA Support: Disabled
 Compressed Oops: Enabled (32-bit)
 Heap Region Size: 1M
 Heap Min Capacity: 64M
 Heap Initial Capacity: 64M
 Heap Max Capacity: 64M
 Pre-touch: Disabled
 Parallel Workers: 8
 Concurrent Workers: 2
 Concurrent Refinement Workers: 8
 Periodic GC: Disabled

Heap:
 garbage-first heap   total 65536K, used 20832K [0x00000000fc000000, 0x0000000100000000)
  region size 1024K, 14 young (14336K), 3 survivors (3072K)
 Metaspace       used 6491K, committed 6720K, reserved 1056768K
  class space    used 905K, committed 1024K, reserved 1048576K

Heap Regions: E=young(eden), S=young(survivor), O=old, HS=humongous(starts), HC=humongous(continues), CS=collection set, F=free, OA=open archive, CA=closed archive, TAMS=top-at-mark-start (previous, next)
|   0|0x00000000fc000000, 0x00000000fc100000, 0x00000000fc100000|100%|HS|  |TAMS 0x00000000fc000000, 0x00000000fc000000| Complete 
|   1|0x00000000fc100000, 0x00000000fc200000, 0x00000000fc200000|100%|HC|  |TAMS 0x00000000fc100000, 0x00000000fc100000| Complete 
|   2|0x00000000fc200000, 0x00000000fc300000, 0x00000000fc300000|100%|HC|  |TAMS 0x00000000fc200000, 0x00000000fc200000| Complete 
|   3|0x00000000fc300000, 0x00000000fc400000, 0x00000000fc400000|100%|HC|  |TAMS 0x00000000fc300000, 0x00000000fc300000| Complete 
|   4|0x00000000fc400000, 0x00000000fc500000, 0x00000000fc500000|100%| O|  |TAMS 0x00000000fc400000, 0x00000000fc400000| Untracked 
|   5|0x00000000fc500000, 0x00000000fc600000, 0x00000000fc600000|100%| O|  |TAMS 0x00000000fc500000, 0x00000000fc500000| Untracked 
|   6|0x00000000fc600000, 0x00000000fc700000, 0x00000000fc700000|100%| O|  |TAMS 0x00000000fc600000, 0x00000000fc600000| Untracked 
|   7|0x00000000fc700000, 0x00000000fc758000, 0x00000000fc800000| 34%| O|  |TAMS 0x00000000fc700000, 0x00000000fc700000| Untracked 
|   8|0x00000000fc800000, 0x00000000fc800000, 0x00000000fc900000|  0%| F|  |TAMS 0x00000000fc800000, 0x00000000fc800000| Untracked 
|   9|0x00000000fc900000, 0x00000000fc900000, 0x00000000fca00000|  0%| F|  |TAMS 0x00000000fc900000, 0x00000000fc900000| Untracked 
|  10|0x00000000fca00000, 0x00000000fca00000, 0x00000000fcb00000|  0%| F|  |TAMS 0x00000000fca00000, 0x00000000fca00000| Untracked 
|  11|0x00000000fcb00000, 0x00000000fcb00000, 0x00000000fcc00000|  0%| F|  |TAMS 0x00000000fcb00000, 0x00000000fcb00000| Untracked 
|  12|0x00000000fcc00000, 0x00000000fcc00000, 0x00000000fcd00000|  0%| F|  |TAMS 0x00000000fcc00000, 0x00000000fcc00000| Untracked 
|  13|0x00000000fcd00000, 0x00000000fcd00000, 0x00000000fce00000|  0%| F|  |TAMS 0x00000000fcd00000, 0x00000000fcd00000| Untracked 
|  14|0x00000000fce00000, 0x00000000fce00000, 0x00000000fcf00000|  0%| F|  |TAMS 0x00000000fce00000, 0x00000000fce00000| Untracked 
|  15|0x00000000fcf00000, 0x00000000fcf00000, 0x00000000fd000000|  0%| F|  |TAMS 0x00000000fcf00000, 0x00000000fcf00000| Untracked 
|  16|0x00000000fd000000, 0x00000000fd000000, 0x00000000fd100000|  0%| F|  |TAMS 0x00000000fd000000, 0x00000000fd000000| Untracked 
|  17|0x00000000fd100000, 0x00000000fd100000, 0x00000000fd200000|  0%| F|  |TAMS 0x00000000fd100000, 0x00000000fd100000| Untracked 
|  18|0x00000000fd200000, 0x00000000fd200000, 0x00000000fd300000|  0%| F|  |TAMS 0x00000000fd200000, 0x00000000fd200000| Untracked 
|  19|0x00000000fd300000, 0x00000000fd300000, 0x00000000fd400000|  0%| F|  |TAMS 0x00000000fd300000, 0x00000000fd300000| Untracked 
|  20|0x00000000fd400000, 0x00000000fd400000, 0x00000000fd500000|  0%| F|  |TAMS 0x00000000fd400000, 0x00000000fd400000| Untracked 
|  21|0x00000000fd500000, 0x00000000fd500000, 0x00000000fd600000|  0%| F|  |TAMS 0x00000000fd500000, 0x00000000fd500000| Untracked 
|  22|0x00000000fd600000, 0x00000000fd600000, 0x00000000fd700000|  0%| F|  |TAMS 0x00000000fd600000, 0x00000000fd600000| Untracked 
|  23|0x00000000fd700000, 0x00000000fd700000, 0x00000000fd800000|  0%| F|  |TAMS 0x00000000fd700000, 0x00000000fd700000| Untracked 
|  24|0x00000000fd800000, 0x00000000fd800000, 0x00000000fd900000|  0%| F|  |TAMS 0x00000000fd800000, 0x00000000fd800000| Untracked 
|  25|0x00000000fd900000, 0x00000000fd900000, 0x00000000fda00000|  0%| F|  |TAMS 0x00000000fd900000, 0x00000000fd900000| Untracked 
|  26|0x00000000fda00000, 0x00000000fda00000, 0x00000000fdb00000|  0%| F|  |TAMS 0x00000000fda00000, 0x00000000fda00000| Untracked 
|  27|0x00000000fdb00000, 0x00000000fdb00000, 0x00000000fdc00000|  0%| F|  |TAMS 0x00000000fdb00000, 0x00000000fdb00000| Untracked 
|  28|0x00000000fdc00000, 0x00000000fdc00000, 0x00000000fdd00000|  0%| F|  |TAMS 0x00000000fdc00000, 0x00000000fdc00000| Untracked 
|  29|0x00000000fdd00000, 0x00000000fdd00000, 0x00000000fde00000|  0%| F|  |TAMS 0x00000000fdd00000, 0x00000000fdd00000| Untracked 
|  30|0x00000000fde00000, 0x00000000fde00000, 0x00000000fdf00000|  0%| F|  |TAMS 0x00000000fde00000, 0x00000000fde00000| Untracked 
|  31|0x00000000fdf00000, 0x00000000fdf00000, 0x00000000fe000000|  0%| F|  |TAMS 0x00000000fdf00000, 0x00000000fdf00000| Untracked 
|  32|0x00000000fe000000, 0x00000000fe000000, 0x00000000fe100000|  0%| F|  |TAMS 0x00000000fe000000, 0x00000000fe000000| Untracked 
|  33|0x00000000fe100000, 0x00000000fe100000, 0x00000000fe200000|  0%| F|  |TAMS 0x00000000fe100000, 0x00000000fe100000| Untracked 
|  34|0x00000000fe200000, 0x00000000fe200000, 0x00000000fe300000|  0%| F|  |TAMS 0x00000000fe200000, 0x00000000fe200000| Untracked 
|  35|0x00000000fe300000, 0x00000000fe300000, 0x00000000fe400000|  0%| F|  |TAMS 0x00000000fe300000, 0x00000000fe300000| Untracked 
|  36|0x00000000fe400000, 0x00000000fe400000, 0x00000000fe500000|  0%| F|  |TAMS 0x00000000fe400000, 0x00000000fe400000| Untracked 
|  37|0x00000000fe500000, 0x00000000fe500000, 0x00000000fe600000|  0%| F|  |TAMS 0x00000000fe500000, 0x00000000fe500000| Untracked 
|  38|0x00000000fe600000, 0x00000000fe700000, 0x00000000fe700000|100%| S|CS|TAMS 0x00000000fe600000, 0x00000000fe600000| Complete 
|  39|0x00000000fe700000, 0x00000000fe800000, 0x00000000fe800000|100%| S|CS|TAMS 0x00000000fe700000, 0x00000000fe700000| Complete 
|  40|0x00000000fe800000, 0x00000000fe900000, 0x00000000fe900000|100%| S|CS|TAMS 0x00000000fe800000, 0x00000000fe800000| Complete 
|  41|0x00000000fe900000, 0x00000000fe900000, 0x00000000fea00000|  0%| F|  |TAMS 0x00000000fe900000, 0x00000000fe900000| Untracked 
|  42|0x00000000fea00000, 0x00000000fea00000, 0x00000000feb00000|  0%| F|  |TAMS 0x00000000fea00000, 0x00000000fea00000| Untracked 
|  43|0x00000000feb00000, 0x00000000feb00000, 0x00000000fec00000|  0%| F|  |TAMS 0x00000000feb00000, 0x00000000feb00000| Untracked 
|  44|0x00000000fec00000, 0x00000000fec00000, 0x00000000fed00000|  0%| F|  |TAMS 0x00000000fec00000, 0x00000000fec00000| Untracked 
|  45|0x00000000fed00000, 0x00000000fed00000, 0x00000000fee00000|  0%| F|  |TAMS 0x00000000fed00000, 0x00000000fed00000| Untracked 
|  46|0x00000000fee00000, 0x00000000fee00000, 0x00000000fef00000|  0%| F|  |TAMS 0x00000000fee00000, 0x00000000fee00000| Untracked 
|  47|0x00000000fef00000, 0x00000000fef00000, 0x00000000ff000000|  0%| F|  |TAMS 0x00000000fef00000, 0x00000000fef00000| Untracked 
|  48|0x00000000ff000000, 0x00000000ff000000, 0x00000000ff100000|  0%| F|  |TAMS 0x00000000ff000000, 0x00000000ff000000| Untracked 
|  49|0x00000000ff100000, 0x00000000ff100000, 0x00000000ff200000|  0%| F|  |TAMS 0x00000000ff100000, 0x00000000ff100000| Untracked 
|  50|0x00000000ff200000, 0x00000000ff200000, 0x00000000ff300000|  0%| F|  |TAMS 0x00000000ff200000, 0x00000000ff200000| Untracked 
|  51|0x00000000ff300000, 0x00000000ff300000, 0x00000000ff400000|  0%| F|  |TAMS 0x00000000ff300000, 0x00000000ff300000| Untracked 
|  52|0x00000000ff400000, 0x00000000ff400000, 0x00000000ff500000|  0%| F|  |TAMS 0x00000000ff400000, 0x00000000ff400000| Untracked 
|  53|0x00000000ff500000, 0x00000000ff571250, 0x00000000ff600000| 44%| E|  |TAMS 0x00000000ff500000, 0x00000000ff500000| Complete 
|  54|0x00000000ff600000, 0x00000000ff700000, 0x00000000ff700000|100%| E|CS|TAMS 0x00000000ff600000, 0x00000000ff600000| Complete 
|  55|0x00000000ff700000, 0x00000000ff800000, 0x00000000ff800000|100%| E|CS|TAMS 0x00000000ff700000, 0x00000000ff700000| Complete 
|  56|0x00000000ff800000, 0x00000000ff900000, 0x00000000ff900000|100%| E|CS|TAMS 0x00000000ff800000, 0x00000000ff800000| Complete 
|  57|0x00000000ff900000, 0x00000000ffa00000, 0x00000000ffa00000|100%| E|CS|TAMS 0x00000000ff900000, 0x00000000ff900000| Complete 
|  58|0x00000000ffa00000, 0x00000000ffb00000, 0x00000000ffb00000|100%| E|CS|TAMS 0x00000000ffa00000, 0x00000000ffa00000| Complete 
|  59|0x00000000ffb00000, 0x00000000ffc00000, 0x00000000ffc00000|100%| E|CS|TAMS 0x00000000ffb00000, 0x00000000ffb00000| Complete 
|  60|0x00000000ffc00000, 0x00000000ffd00000, 0x00000000ffd00000|100%| E|CS|TAMS 0x00000000ffc00000, 0x00000000ffc00000| Complete 
|  61|0x00000000ffd00000, 0x00000000ffe00000, 0x00000000ffe00000|100%| E|CS|TAMS 0x00000000ffd00000, 0x00000000ffd00000| Complete 
|  62|0x00000000ffe00000, 0x00000000fff00000, 0x00000000fff00000|100%| E|CS|TAMS 0x00000000ffe00000, 0x00000000ffe00000| Complete 
|  63|0x00000000fff00000, 0x0000000100000000, 0x0000000100000000|100%| E|CS|TAMS 0x00000000fff00000, 0x00000000fff00000| Complete 

Card table byte_map: [0x0000023b241e0000,0x0000023b24200000] _byte_map_base: 0x0000023b23a00000

Marking Bits (Prev, Next): (CMBitMap*) 0x0000023b242b06e0, (CMBitMap*) 0x0000023b242b0720
 Prev Bits: [0x0000023b3ae10000, 0x0000023b3af10000)
 Next Bits: [0x0000023b3af10000, 0x0000023b3b010000)

Polling page: 0x0000023b23a60000

Metaspace:

Usage:
  Non-class:      5.46 MB used.
      Class:    905.27 KB used.
       Both:      6.34 MB used.

Virtual space:
  Non-class space:        8.00 MB reserved,       5.56 MB ( 70%) committed,  1 nodes.
      Class space:        1.00 GB reserved,       1.00 MB ( <1%) committed,  1 nodes.
             Both:        1.01 GB reserved,       6.56 MB ( <1%) committed. 

Chunk freelists:
   Non-Class:  1.06 MB
       Class:  3.04 MB
        Both:  4.10 MB

MaxMetaspaceSize: unlimited
CompressedClassSpaceSize: 1.00 GB
Initial GC threshold: 21.00 MB
Current GC threshold: 21.00 MB
CDS: on
MetaspaceReclaimPolicy: balanced
 - commit_granule_bytes: 65536.
 - commit_granule_words: 8192.
 - virtual_space_node_default_size: 1048576.
 - enlarge_chunks_in_place: 1.
 - new_chunks_are_fully_committed: 0.
 - uncommit_free_chunks: 1.
 - use_allocation_guard: 0.
 - handle_deallocations: 1.


Internal statistics:

num_allocs_failed_limit: 0.
num_arena_births: 66.
num_arena_deaths: 0.
num_vsnodes_births: 2.
num_vsnodes_deaths: 0.
num_space_committed: 105.
num_space_uncommitted: 0.
num_chunks_returned_to_freelist: 0.
num_chunks_taken_from_freelist: 236.
num_chunk_merges: 0.
num_chunk_splits: 158.
num_chunks_enlarged: 138.
num_purges: 0.
num_inconsistent_stats: 0.

CodeHeap 'non-profiled nmethods': size=120000Kb used=430Kb max_used=430Kb free=119569Kb
 bounds [0x0000023b335b0000, 0x0000023b33820000, 0x0000023b3aae0000]
CodeHeap 'profiled nmethods': size=120000Kb used=1989Kb max_used=1989Kb free=118010Kb
 bounds [0x0000023b2c080000, 0x0000023b2c2f0000, 0x0000023b335b0000]
CodeHeap 'non-nmethods': size=5760Kb used=1159Kb max_used=1176Kb free=4600Kb
 bounds [0x0000023b2bae0000, 0x0000023b2bd50000, 0x0000023b2c080000]
 total_blobs=1509 nmethods=1070 adapters=352
 compilation: enabled
              stopped_count=0, restarted_count=0
 full_count=0

Compilation events (20 events):
Event: 31.023 Thread 0x0000023b243507e0 nmethod 1059 0x0000023b3361a710 code [0x0000023b3361a8a0, 0x0000023b3361a978]
Event: 31.908 Thread 0x0000023b243507e0 1060       3       java.util.concurrent.ThreadPoolExecutor::runStateAtLeast (11 bytes)
Event: 31.908 Thread 0x0000023b243507e0 nmethod 1060 0x0000023b2c26ea90 code [0x0000023b2c26ec20, 0x0000023b2c26ed78]
Event: 32.215 Thread 0x0000023b243507e0 1061       1       java.nio.charset.CharsetEncoder::maxBytesPerChar (5 bytes)
Event: 32.215 Thread 0x0000023b243507e0 nmethod 1061 0x0000023b3361aa10 code [0x0000023b3361aba0, 0x0000023b3361ac78]
Event: 32.215 Thread 0x0000023b243507e0 1063       3       java.nio.CharBuffer::position (8 bytes)
Event: 32.215 Thread 0x0000023b243507e0 nmethod 1063 0x0000023b2c26ee10 code [0x0000023b2c26efa0, 0x0000023b2c26f0e8]
Event: 32.215 Thread 0x0000023b243507e0 1064       3       java.nio.Buffer::<init> (105 bytes)
Event: 32.217 Thread 0x0000023b243507e0 nmethod 1064 0x0000023b2c26f190 code [0x0000023b2c26f440, 0x0000023b2c26ffb8]
Event: 32.217 Thread 0x0000023b243507e0 1065       3       java.nio.CharBuffer::position (6 bytes)
Event: 32.217 Thread 0x0000023b243507e0 nmethod 1065 0x0000023b2c270410 code [0x0000023b2c2705c0, 0x0000023b2c270768]
Event: 32.217 Thread 0x0000023b243507e0 1062       1       sun.nio.cs.DoubleByte$Encoder::isASCIICompatible (5 bytes)
Event: 32.217 Thread 0x0000023b243507e0 nmethod 1062 0x0000023b3361ad10 code [0x0000023b3361aea0, 0x0000023b3361af78]
Event: 32.219 Thread 0x0000023b243507e0 1066       3       java.lang.ref.WeakReference::<init> (6 bytes)
Event: 32.219 Thread 0x0000023b243507e0 nmethod 1066 0x0000023b2c270810 code [0x0000023b2c2709c0, 0x0000023b2c270cd8]
Event: 32.221 Thread 0x0000023b243507e0 1067       3       sun.nio.fs.WindowsPath::<init> (26 bytes)
Event: 32.222 Thread 0x0000023b243507e0 nmethod 1067 0x0000023b2c270e10 code [0x0000023b2c270fc0, 0x0000023b2c271298]
Event: 32.222 Thread 0x0000023b243507e0 1068       3       java.nio.ByteOrder::nativeOrder (4 bytes)
Event: 32.222 Thread 0x0000023b243507e0 nmethod 1068 0x0000023b2c271390 code [0x0000023b2c271520, 0x0000023b2c271618]
Event: 32.222 Thread 0x0000023b243507e0 1069   !   3       java.nio.charset.CharsetDecoder::decode (275 bytes)

GC Heap History (2 events):
Event: 26.713 GC heap before
{Heap before GC invocations=0 (full 0):
 garbage-first heap   total 65536K, used 26624K [0x00000000fc000000, 0x0000000100000000)
  region size 1024K, 23 young (23552K), 0 survivors (0K)
 Metaspace       used 3769K, committed 3904K, reserved 1056768K
  class space    used 480K, committed 512K, reserved 1048576K
}
Event: 26.727 GC heap after
{Heap after GC invocations=1 (full 0):
 garbage-first heap   total 65536K, used 10592K [0x00000000fc000000, 0x0000000100000000)
  region size 1024K, 3 young (3072K), 3 survivors (3072K)
 Metaspace       used 3769K, committed 3904K, reserved 1056768K
  class space    used 480K, committed 512K, reserved 1048576K
}

Deoptimization events (20 events):
Event: 27.465 Thread 0x0000023b24290850 Uncommon trap: trap_request=0xffffffde fr.pc=0x0000023b3360f134 relative=0x0000000000000114
Event: 27.465 Thread 0x0000023b24290850 Uncommon trap: reason=class_check action=maybe_recompile pc=0x0000023b3360f134 method=jdk.internal.misc.Unsafe.allocateUninitializedArray(Ljava/lang/Class;I)Ljava/lang/Object; @ 51 c2
Event: 27.465 Thread 0x0000023b24290850 DEOPT PACKING pc=0x0000023b3360f134 sp=0x000000a65a0fa5c0
Event: 27.465 Thread 0x0000023b24290850 DEOPT UNPACKING pc=0x0000023b2bb35c23 sp=0x000000a65a0fa548 mode 2
Event: 27.465 Thread 0x0000023b24290850 Uncommon trap: trap_request=0xffffffde fr.pc=0x0000023b3360f134 relative=0x0000000000000114
Event: 27.465 Thread 0x0000023b24290850 Uncommon trap: reason=class_check action=maybe_recompile pc=0x0000023b3360f134 method=jdk.internal.misc.Unsafe.allocateUninitializedArray(Ljava/lang/Class;I)Ljava/lang/Object; @ 51 c2
Event: 27.465 Thread 0x0000023b24290850 DEOPT PACKING pc=0x0000023b3360f134 sp=0x000000a65a0fa660
Event: 27.465 Thread 0x0000023b24290850 DEOPT UNPACKING pc=0x0000023b2bb35c23 sp=0x000000a65a0fa5e8 mode 2
Event: 28.681 Thread 0x0000023b24290850 Uncommon trap: trap_request=0xffffff45 fr.pc=0x0000023b335e1994 relative=0x0000000000000f74
Event: 28.681 Thread 0x0000023b24290850 Uncommon trap: reason=unstable_if action=reinterpret pc=0x0000023b335e1994 method=java.util.HashMap.putVal(ILjava/lang/Object;Ljava/lang/Object;ZZ)Ljava/lang/Object; @ 236 c2
Event: 28.682 Thread 0x0000023b24290850 DEOPT PACKING pc=0x0000023b335e1994 sp=0x000000a65a0fc0c0
Event: 28.682 Thread 0x0000023b24290850 DEOPT UNPACKING pc=0x0000023b2bb35c23 sp=0x000000a65a0fc098 mode 2
Event: 28.887 Thread 0x0000023b24290850 DEOPT PACKING pc=0x0000023b2c123265 sp=0x000000a65a0fa110
Event: 28.887 Thread 0x0000023b24290850 DEOPT UNPACKING pc=0x0000023b2bb36763 sp=0x000000a65a0f9560 mode 0
Event: 28.997 Thread 0x0000023b24290850 DEOPT PACKING pc=0x0000023b2c1a07b8 sp=0x000000a65a0fa610
Event: 28.997 Thread 0x0000023b24290850 DEOPT UNPACKING pc=0x0000023b2bb36763 sp=0x000000a65a0f9b28 mode 0
Event: 30.308 Thread 0x0000023b24290850 Uncommon trap: trap_request=0xffffffc6 fr.pc=0x0000023b3360fdd4 relative=0x0000000000000574
Event: 30.308 Thread 0x0000023b24290850 Uncommon trap: reason=bimorphic_or_optimized_type_check action=maybe_recompile pc=0x0000023b3360fdd4 method=java.util.concurrent.ConcurrentHashMap.get(Ljava/lang/Object;)Ljava/lang/Object; @ 149 c2
Event: 30.308 Thread 0x0000023b24290850 DEOPT PACKING pc=0x0000023b3360fdd4 sp=0x000000a65a0fbbd0
Event: 30.308 Thread 0x0000023b24290850 DEOPT UNPACKING pc=0x0000023b2bb35c23 sp=0x000000a65a0fbb70 mode 2

Classes unloaded (0 events):
No events

Classes redefined (0 events):
No events

Internal exceptions (14 events):
Event: 5.549 Thread 0x0000023b24290850 Exception <a 'java/lang/NoSuchMethodError'{0x00000000ffcfd188}: 'int java.lang.invoke.DirectMethodHandle$Holder.invokeStaticInit(java.lang.Object, java.lang.Object)'> (0x00000000ffcfd188) 
thrown [t:\workspace\open\src\hotspot\share\interpreter\linkResolver.cpp, line 766]
Event: 26.500 Thread 0x0000023b24290850 Exception <a 'java/lang/NoSuchMethodError'{0x00000000fea2a488}: 'void java.lang.invoke.DirectMethodHandle$Holder.invokeStatic(java.lang.Object, java.lang.Object)'> (0x00000000fea2a488) 
thrown [t:\workspace\open\src\hotspot\share\interpreter\linkResolver.cpp, line 766]
Event: 26.576 Thread 0x0000023b24290850 Exception <a 'java/lang/NoClassDefFoundError'{0x00000000feaaefc0}: org/slf4j/impl/StaticMarkerBinder> (0x00000000feaaefc0) 
thrown [t:\workspace\open\src\hotspot\share\classfile\systemDictionary.cpp, line 245]
Event: 26.651 Thread 0x0000023b24290850 Exception <a 'java/lang/NoSuchMethodError'{0x00000000fe94b010}: 'java.lang.Object java.lang.invoke.DirectMethodHandle$Holder.invokeVirtual(java.lang.Object, java.lang.Object, java.lang.Object, java.lang.Object, java.lang.Object, java.lang.Object, java.lang.Object)'> (0x00000000fe94b010) 
thrown [t:\workspace\open\src\hotspot\share\interpreter\linkResolver.cpp, line 766]
Event: 26.655 Thread 0x0000023b24290850 Exception <a 'java/lang/NoSuchMethodError'{0x00000000fe95c610}: 'java.lang.Object java.lang.invoke.Invokers$Holder.invoker(java.lang.Object, java.lang.Object, java.lang.Object)'> (0x00000000fe95c610) 
thrown [t:\workspace\open\src\hotspot\share\interpreter\linkResolver.cpp, line 766]
Event: 26.665 Thread 0x0000023b24290850 Exception <a 'java/lang/NoSuchMethodError'{0x00000000fe9656e0}: 'java.lang.Object java.lang.invoke.DirectMethodHandle$Holder.invokeStatic(java.lang.Object, java.lang.Object, int)'> (0x00000000fe9656e0) 
thrown [t:\workspace\open\src\hotspot\share\interpreter\linkResolver.cpp, line 766]
Event: 26.669 Thread 0x0000023b24290850 Exception <a 'java/lang/NoSuchMethodError'{0x00000000fe9713d0}: 'void java.lang.invoke.DelegatingMethodHandle$Holder.delegate(java.lang.Object, java.lang.Object, int, java.lang.Object)'> (0x00000000fe9713d0) 
thrown [t:\workspace\open\src\hotspot\share\interpreter\linkResolver.cpp, line 766]
Event: 26.670 Thread 0x0000023b24290850 Exception <a 'java/lang/NoSuchMethodError'{0x00000000fe975518}: 'int java.lang.invoke.DirectMethodHandle$Holder.invokeSpecial(java.lang.Object, java.lang.Object, java.lang.Object)'> (0x00000000fe975518) 
thrown [t:\workspace\open\src\hotspot\share\interpreter\linkResolver.cpp, line 766]
Event: 26.676 Thread 0x0000023b24290850 Exception <a 'java/lang/NoSuchMethodError'{0x00000000fe9888a0}: 'java.lang.Object java.lang.invoke.Invokers$Holder.invokeExact_MT(java.lang.Object, java.lang.Object, java.lang.Object, java.lang.Object)'> (0x00000000fe9888a0) 
thrown [t:\workspace\open\src\hotspot\share\interpreter\linkResolver.cpp, line 766]
Event: 27.131 Thread 0x0000023b24290850 Exception <a 'java/lang/NoSuchMethodError'{0x00000000ffcdb910}: 'void java.lang.invoke.DirectMethodHandle$Holder.invokeSpecial(java.lang.Object, java.lang.Object, java.lang.Object)'> (0x00000000ffcdb910) 
thrown [t:\workspace\open\src\hotspot\share\interpreter\linkResolver.cpp, line 766]
Event: 27.399 Thread 0x0000023b24290850 Implicit null exception at 0x0000023b335fe413 to 0x0000023b335fe84c
Event: 27.399 Thread 0x0000023b24290850 Implicit null exception at 0x0000023b335ecb93 to 0x0000023b335ecfb8
Event: 27.472 Thread 0x0000023b24290850 Exception <a 'java/lang/NoSuchMethodError'{0x00000000ffa78b80}: 'java.lang.Object java.lang.invoke.DirectMethodHandle$Holder.invokeStaticInit(java.lang.Object)'> (0x00000000ffa78b80) 
thrown [t:\workspace\open\src\hotspot\share\interpreter\linkResolver.cpp, line 766]
Event: 29.460 Thread 0x0000023b24290850 Exception <a 'java/lang/NoSuchMethodError'{0x00000000ff68b208}: 'java.lang.Object java.lang.invoke.DirectMethodHandle$Holder.invokeStaticInit(java.lang.Object, int, int, int, int)'> (0x00000000ff68b208) 
thrown [t:\workspace\open\src\hotspot\share\interpreter\linkResolver.cpp, line 766]

VM Operations (20 events):
Event: 25.945 Executing VM operation: Cleanup
Event: 25.960 Executing VM operation: Cleanup done
Event: 26.567 Executing VM operation: HandshakeAllThreads
Event: 26.567 Executing VM operation: HandshakeAllThreads done
Event: 26.567 Executing VM operation: HandshakeAllThreads
Event: 26.567 Executing VM operation: HandshakeAllThreads done
Event: 26.664 Executing VM operation: HandshakeAllThreads
Event: 26.664 Executing VM operation: HandshakeAllThreads done
Event: 26.713 Executing VM operation: G1CollectForAllocation
Event: 26.727 Executing VM operation: G1CollectForAllocation done
Event: 27.732 Executing VM operation: Cleanup
Event: 27.732 Executing VM operation: Cleanup done
Event: 28.737 Executing VM operation: Cleanup
Event: 28.737 Executing VM operation: Cleanup done
Event: 28.787 Executing VM operation: HandshakeAllThreads
Event: 28.787 Executing VM operation: HandshakeAllThreads done
Event: 29.801 Executing VM operation: Cleanup
Event: 29.801 Executing VM operation: Cleanup done
Event: 32.214 Executing VM operation: HandshakeAllThreads
Event: 32.214 Executing VM operation: HandshakeAllThreads done

Events (20 events):
Event: 30.325 loading class sun/security/provider/SeedGenerator$1
Event: 30.345 loading class sun/security/provider/SeedGenerator$1 done
Event: 30.346 loading class sun/security/provider/ByteArrayAccess$BE
Event: 30.346 loading class sun/security/provider/ByteArrayAccess$BE done
Event: 32.031 loading class java/net/NetworkInterface$1
Event: 32.053 loading class java/net/NetworkInterface$1 done
Event: 32.112 loading class java/nio/file/Files$AcceptAllFilter
Event: 32.131 loading class java/nio/file/DirectoryStream$Filter
Event: 32.155 loading class java/nio/file/DirectoryStream$Filter done
Event: 32.155 loading class java/nio/file/Files$AcceptAllFilter done
Event: 32.155 loading class sun/nio/fs/WindowsDirectoryStream
Event: 32.170 loading class java/nio/file/DirectoryStream
Event: 32.171 loading class java/nio/file/DirectoryStream done
Event: 32.171 loading class sun/nio/fs/WindowsDirectoryStream done
Event: 32.205 loading class sun/nio/fs/WindowsDirectoryStream$WindowsDirectoryIterator
Event: 32.210 loading class sun/nio/fs/WindowsDirectoryStream$WindowsDirectoryIterator done
Event: 32.210 loading class sun/nio/fs/WindowsPath$WindowsPathWithAttributes
Event: 32.214 loading class sun/nio/fs/BasicFileAttributesHolder
Event: 32.214 loading class sun/nio/fs/BasicFileAttributesHolder done
Event: 32.214 loading class sun/nio/fs/WindowsPath$WindowsPathWithAttributes done


Dynamic libraries:
0x00007ff789980000 - 0x00007ff789990000 	C:\Program Files\Java\jdk-17.0.2\bin\java.exe
0x00007ffbc7bb0000 - 0x00007ffbc7dc4000 	C:\WINDOWS\SYSTEM32\ntdll.dll
0x00007ffbc6e90000 - 0x00007ffbc6f54000 	C:\WINDOWS\System32\KERNEL32.DLL
0x00007ffbc51d0000 - 0x00007ffbc5574000 	C:\WINDOWS\System32\KERNELBASE.dll
0x00007ffbc5730000 - 0x00007ffbc5841000 	C:\WINDOWS\System32\ucrtbase.dll
0x00007ffbb3890000 - 0x00007ffbb38a8000 	C:\Program Files\Java\jdk-17.0.2\bin\jli.dll
0x00007ffbc5a60000 - 0x00007ffbc5b10000 	C:\WINDOWS\System32\ADVAPI32.dll
0x00007ffbc6de0000 - 0x00007ffbc6e87000 	C:\WINDOWS\System32\msvcrt.dll
0x00007ffbc6310000 - 0x00007ffbc63b6000 	C:\WINDOWS\System32\sechost.dll
0x00007ffbc6f60000 - 0x00007ffbc7077000 	C:\WINDOWS\System32\RPCRT4.dll
0x00007ffbc03e0000 - 0x00007ffbc03fa000 	C:\Program Files\Java\jdk-17.0.2\bin\VCRUNTIME140.dll
0x00007ffbc6410000 - 0x00007ffbc65ba000 	C:\WINDOWS\System32\USER32.dll
0x00007ffbc51a0000 - 0x00007ffbc51c6000 	C:\WINDOWS\System32\win32u.dll
0x00007ffbc59b0000 - 0x00007ffbc59d9000 	C:\WINDOWS\System32\GDI32.dll
0x00007ffbad340000 - 0x00007ffbad5cf000 	C:\WINDOWS\WinSxS\amd64_microsoft.windows.common-controls_6595b64144ccf1df_6.0.22621.2070_none_2713e6537381f706\COMCTL32.dll
0x00007ffbc5850000 - 0x00007ffbc5969000 	C:\WINDOWS\System32\gdi32full.dll
0x00007ffbc4f90000 - 0x00007ffbc502a000 	C:\WINDOWS\System32\msvcp_win.dll
0x00007ffbbba70000 - 0x00007ffbbba7a000 	C:\WINDOWS\SYSTEM32\VERSION.dll
0x00007ffbc7960000 - 0x00007ffbc7991000 	C:\WINDOWS\System32\IMM32.DLL
0x00007ffbc03d0000 - 0x00007ffbc03dc000 	C:\Program Files\Java\jdk-17.0.2\bin\vcruntime140_1.dll
0x00007ffb5b540000 - 0x00007ffb5b5cd000 	C:\Program Files\Java\jdk-17.0.2\bin\msvcp140.dll
0x00007ffb4e740000 - 0x00007ffb4f301000 	C:\Program Files\Java\jdk-17.0.2\bin\server\jvm.dll
0x00007ffbc5ec0000 - 0x00007ffbc5ec8000 	C:\WINDOWS\System32\PSAPI.DLL
0x00007ffba5ee0000 - 0x00007ffba5ee9000 	C:\WINDOWS\SYSTEM32\WSOCK32.dll
0x00007ffbc59e0000 - 0x00007ffbc5a51000 	C:\WINDOWS\System32\WS2_32.dll
0x00007ffbbc360000 - 0x00007ffbbc394000 	C:\WINDOWS\SYSTEM32\WINMM.dll
0x00007ffbc40c0000 - 0x00007ffbc40d8000 	C:\WINDOWS\SYSTEM32\kernel.appcore.dll
0x00007ffbc0330000 - 0x00007ffbc033a000 	C:\Program Files\Java\jdk-17.0.2\bin\jimage.dll
0x00007ffbbb460000 - 0x00007ffbbb68e000 	C:\WINDOWS\SYSTEM32\DBGHELP.DLL
0x00007ffbc5f80000 - 0x00007ffbc630a000 	C:\WINDOWS\System32\combase.dll
0x00007ffbc5c10000 - 0x00007ffbc5ce7000 	C:\WINDOWS\System32\OLEAUT32.dll
0x00007ffba9250000 - 0x00007ffba9282000 	C:\WINDOWS\SYSTEM32\dbgcore.DLL
0x00007ffbc5580000 - 0x00007ffbc55fa000 	C:\WINDOWS\System32\bcryptPrimitives.dll
0x00007ffbb1ef0000 - 0x00007ffbb1f15000 	C:\Program Files\Java\jdk-17.0.2\bin\java.dll
0x00007ffb59900000 - 0x00007ffb599d6000 	C:\Program Files\Java\jdk-17.0.2\bin\jsvml.dll
0x00007ffbc65c0000 - 0x00007ffbc6dd6000 	C:\WINDOWS\System32\SHELL32.dll
0x00007ffbc2f70000 - 0x00007ffbc385a000 	C:\WINDOWS\SYSTEM32\windows.storage.dll
0x00007ffbc2e30000 - 0x00007ffbc2f6e000 	C:\WINDOWS\SYSTEM32\wintypes.dll
0x00007ffbc7220000 - 0x00007ffbc7313000 	C:\WINDOWS\System32\SHCORE.dll
0x00007ffbc79b0000 - 0x00007ffbc7a0e000 	C:\WINDOWS\System32\shlwapi.dll
0x00007ffbc4ec0000 - 0x00007ffbc4ee6000 	C:\WINDOWS\SYSTEM32\profapi.dll
0x00007ffbb1fa0000 - 0x00007ffbb1fb9000 	C:\Program Files\Java\jdk-17.0.2\bin\net.dll
0x00007ffbbe1e0000 - 0x00007ffbbe317000 	C:\WINDOWS\SYSTEM32\WINHTTP.dll
0x00007ffbc4540000 - 0x00007ffbc45a9000 	C:\WINDOWS\system32\mswsock.dll
0x00007ffbabe10000 - 0x00007ffbabe26000 	C:\Program Files\Java\jdk-17.0.2\bin\nio.dll
0x00007ffba0a50000 - 0x00007ffba0a68000 	C:\Program Files\Java\jdk-17.0.2\bin\zip.dll
0x00007ffbbc490000 - 0x00007ffbbc4a0000 	C:\Program Files\Java\jdk-17.0.2\bin\verify.dll
0x00007ffb891f0000 - 0x00007ffb89217000 	C:\Users\h6263\.gradle\native\68d5fa5c4cc2d200863cafc0d521ce42e7d3e7ee720ec0a83991735586a16f82\windows-amd64\native-platform.dll
0x00007ffbb0d70000 - 0x00007ffbb0d79000 	C:\Program Files\Java\jdk-17.0.2\bin\management.dll
0x00007ffbb0d20000 - 0x00007ffbb0d2b000 	C:\Program Files\Java\jdk-17.0.2\bin\management_ext.dll
0x00007ffbc4790000 - 0x00007ffbc47ab000 	C:\WINDOWS\SYSTEM32\CRYPTSP.dll
0x00007ffbc4030000 - 0x00007ffbc4065000 	C:\WINDOWS\system32\rsaenh.dll
0x00007ffbc4630000 - 0x00007ffbc465c000 	C:\WINDOWS\SYSTEM32\USERENV.dll
0x00007ffbc4930000 - 0x00007ffbc4958000 	C:\WINDOWS\SYSTEM32\bcrypt.dll
0x00007ffbc47b0000 - 0x00007ffbc47bc000 	C:\WINDOWS\SYSTEM32\CRYPTBASE.dll
0x00007ffbc3b30000 - 0x00007ffbc3b5d000 	C:\WINDOWS\SYSTEM32\IPHLPAPI.DLL
0x00007ffbc5cf0000 - 0x00007ffbc5cf9000 	C:\WINDOWS\System32\NSI.dll
0x00007ffbbc730000 - 0x00007ffbbc749000 	C:\WINDOWS\SYSTEM32\dhcpcsvc6.DLL
0x00007ffbbc340000 - 0x00007ffbbc35f000 	C:\WINDOWS\SYSTEM32\dhcpcsvc.DLL
0x00007ffbc3b60000 - 0x00007ffbc3c53000 	C:\WINDOWS\SYSTEM32\DNSAPI.dll

dbghelp: loaded successfully - version: 4.0.5 - missing functions: none
symbol engine: initialized successfully - sym options: 0x614 - pdb path: .;C:\Program Files\Java\jdk-17.0.2\bin;C:\WINDOWS\SYSTEM32;C:\WINDOWS\WinSxS\amd64_microsoft.windows.common-controls_6595b64144ccf1df_6.0.22621.2070_none_2713e6537381f706;C:\Program Files\Java\jdk-17.0.2\bin\server;C:\Users\h6263\.gradle\native\68d5fa5c4cc2d200863cafc0d521ce42e7d3e7ee720ec0a83991735586a16f82\windows-amd64

VM Arguments:
jvm_args: -Xmx64m -Xms64m -Dorg.gradle.appname=gradlew 
java_command: org.gradle.wrapper.GradleWrapperMain tasks
java_class_path (initial): C:\Users\h6263\test\android\\gradle\wrapper\gradle-wrapper.jar
Launcher Type: SUN_STANDARD

[Global flags]
     intx CICompilerCount                          = 4                                         {product} {ergonomic}
     uint ConcGCThreads                            = 2                                         {product} {ergonomic}
     uint G1ConcRefinementThreads                  = 8                                         {product} {ergonomic}
   size_t G1HeapRegionSize                         = 1048576                                   {product} {ergonomic}
    uintx GCDrainStackTargetSize                   = 64                                        {product} {ergonomic}
   size_t InitialHeapSize                          = 67108864                                  {product} {command line}
   size_t MarkStackSize                            = 4194304                                   {product} {ergonomic}
   size_t MaxHeapSize                              = 67108864                                  {product} {command line}
   size_t MaxNewSize                               = 39845888                                  {product} {ergonomic}
   size_t MinHeapDeltaBytes                        = 1048576                                   {product} {ergonomic}
   size_t MinHeapSize                              = 67108864                                  {product} {command line}
    uintx NonNMethodCodeHeapSize                   = 5839372                                {pd product} {ergonomic}
    uintx NonProfiledCodeHeapSize                  = 122909434                              {pd product} {ergonomic}
    uintx ProfiledCodeHeapSize                     = 122909434                              {pd product} {ergonomic}
    uintx ReservedCodeCacheSize                    = 251658240                              {pd product} {ergonomic}
     bool SegmentedCodeCache                       = true                                      {product} {ergonomic}
   size_t SoftMaxHeapSize                          = 67108864                               {manageable} {ergonomic}
     bool UseCompressedClassPointers               = true                           {product lp64_product} {ergonomic}
     bool UseCompressedOops                        = true                           {product lp64_product} {ergonomic}
     bool UseG1GC                                  = true                                      {product} {ergonomic}
     bool UseLargePagesIndividualAllocation        = false                                  {pd product} {ergonomic}

Logging:
Log output configuration:
 #0: stdout all=warning uptime,level,tags
 #1: stderr all=off uptime,level,tags

Environment Variables:
JAVA_HOME=C:\Program Files\Java\jdk-17.0.2
CLASSPATH=C:\Users\h6263\test\android\\gradle\wrapper\gradle-wrapper.jar
PATH=C:\Users\h6263\test\node_modules\.bin;C:\Users\h6263\test\node_modules\.bin;C:\Users\h6263\node_modules\.bin;C:\Users\node_modules\.bin;C:\node_modules\.bin;C:\Users\h6263\AppData\Roaming\npm\node_modules\npm\node_modules\@npmcli\run-script\lib\node-gyp-bin;C:\Program Files\Common Files\Oracle\Java\javapath;C:\Program Files (x86)\Common Files\Oracle\Java\javapath;C:\Python311\Scripts\;C:\Python311\;C:\Program Files\GTK3-Runtime Win64\bin;C:\Program Files\MySQL\MySQL Server 8.0\bin;C:\app\h6263\product\21c\dbhomeXE\bin;C:\WINDOWS\system32;C:\WINDOWS;C:\WINDOWS\System32\Wbem;C:\WINDOWS\System32\WindowsPowerShell\v1.0\;C:\WINDOWS\System32\OpenSSH\;C:\MinGW\bin;C:\Program Files\Git\cmd;C:\Django;C:\Users\h6263\AppData\Local\Programs\Python\Python310\;C:\Program Files\nodejs\;C:\Program Files\Java\jdk-17.0.2\bin;C:\Users\h6263\AppData\Local\Android\Sdk\tools;C:\Users\h6263\AppData\Local\jdk-11.0.2\bin;C:\Users\h6263\AppData\Local\Android\Sdk\tools;C:\Users\h6263\AppData\Local\jdk-11.0.2\bin;C:\Program Files\MySQL\MySQL Shell 8.0\bin\;C:\Users\h6263\AppData\Local\Programs\Python\Python310\Scripts\;C:\Users\h6263\AppData\Local\Programs\Python\Python310\;C:\Users\h6263\AppData\Local\Microsoft\WindowsApps;C:\Users\h6263\AppData\Local\Programs\Microsoft VS Code\bin;C:\Program Files\JetBrains\IntelliJ IDEA Community Edition 2022.1.3\bin;;C:\Users\h6263\AppData\Roaming\npm;C:\Users\h6263\AppData\Local\Android\Sdk\platform-tools;
USERNAME=h6263
LANG=en_US.UTF-8
OS=Windows_NT
PROCESSOR_IDENTIFIER=Intel64 Family 6 Model 140 Stepping 1, GenuineIntel



---------------  S Y S T E M  ---------------

OS:
 Windows 11 , 64 bit Build 22621 (10.0.22621.2070)
OS uptime: 7 days 14:53 hours

CPU: total 8 (initial active 8) (4 cores per cpu, 2 threads per core) family 6 model 140 stepping 1 microcode 0x8a, cx8, cmov, fxsr, ht, mmx, 3dnowpref, sse, sse2, sse3, ssse3, sse4.1, sse4.2, popcnt, lzcnt, tsc, tscinvbit, avx, avx2, aes, erms, clmul, bmi1, bmi2, adx, avx512f, avx512dq, avx512cd, avx512bw, avx512vl, sha, fma, vzeroupper, avx512_vpopcntdq, avx512_vpclmulqdq, avx512_vaes, avx512_vnni, clflush, clflushopt, clwb, avx512_vbmi2, avx512_vbmi

Memory: 4k page, system-wide physical 7900M (652M free)
TotalPageFile size 32476M (AvailPageFile size 0M)
current process WorkingSet (physical memory assigned to process): 65M, peak: 65M
current process commit charge ("private bytes"): 159M, peak: 161M

vm_info: Java HotSpot(TM) 64-Bit Server VM (17.0.2+8-LTS-86) for windows-amd64 JRE (17.0.2+8-LTS-86), built on Dec  7 2021 21:51:03 by "mach5one" with MS VC++ 16.8 / 16.9 (VS2019)

END.
