#
# There is insufficient memory for the Java Runtime Environment to continue.
# Native memory allocation (mmap) failed to map 65536 bytes for Failed to commit metaspace.
# Possible reasons:
#   The system is out of physical RAM or swap space
#   The process is running with CompressedOops enabled, and the Java Heap may be blocking the growth of the native heap
# Possible solutions:
#   Reduce memory load on the system
#   Increase physical memory or swap space
#   Check if swap backing store is full
#   Decrease Java heap size (-Xmx/-Xms)
#   Decrease number of Java threads
#   Decrease Java thread stack sizes (-Xss)
#   Set larger code cache with -XX:ReservedCodeCacheSize=
#   JVM is running with Unscaled Compressed Oops mode in which the Java heap is
#     placed in the first 4GB address space. The Java Heap base address is the
#     maximum limit for the native heap growth. Please use -XX:HeapBaseMinAddress
#     to set the Java Heap base and to place the Java Heap above 4GB virtual address.
# This output file may be truncated or incomplete.
#
#  Out of Memory Error (virtualSpaceNode.cpp:110), pid=62212, tid=58440
#
# JRE version: Java(TM) SE Runtime Environment (17.0.2+8) (build 17.0.2+8-LTS-86)
# Java VM: Java HotSpot(TM) 64-Bit Server VM (17.0.2+8-LTS-86, mixed mode, sharing, tiered, compressed oops, compressed class ptrs, g1 gc, windows-amd64)
# No core dump will be written. Minidumps are not enabled by default on client versions of Windows
#

---------------  S U M M A R Y ------------

Command Line: -Xmx64m -Xms64m -Dorg.gradle.appname=gradlew org.gradle.wrapper.GradleWrapperMain tasks

Host: 11th Gen Intel(R) Core(TM) i7-1165G7 @ 2.80GHz, 8 cores, 7G,  Windows 11 , 64 bit Build 22621 (10.0.22621.2070)
Time: Tue Sep 12 03:04:38 2023  Windows 11 , 64 bit Build 22621 (10.0.22621.2070) elapsed time: 38.412881 seconds (0d 0h 0m 38s)

---------------  T H R E A D  ---------------

Current thread (0x000001e87f44d7a0):  JavaThread "C1 CompilerThread0" daemon [_thread_in_vm, id=58440, stack(0x00000016da200000,0x00000016da300000)]


Current CompileTask:
C1:  38413 1094   !   3       java.nio.charset.CharsetDecoder::decode (275 bytes)

Stack: [0x00000016da200000,0x00000016da300000]
Native frames: (J=compiled Java code, j=interpreted, Vv=VM code, C=native code)
V  [jvm.dll+0x670baa]
V  [jvm.dll+0x7cfcb4]
V  [jvm.dll+0x7d145e]
V  [jvm.dll+0x7d1ac3]
V  [jvm.dll+0x242bc5]
V  [jvm.dll+0x7cbc5b]
V  [jvm.dll+0x616966]
V  [jvm.dll+0x6169ca]
V  [jvm.dll+0x6191da]
V  [jvm.dll+0x617306]
V  [jvm.dll+0x62846a]
V  [jvm.dll+0x62127a]
V  [jvm.dll+0x1ca2c0]
V  [jvm.dll+0x1ca4af]
V  [jvm.dll+0x144711]
V  [jvm.dll+0x144555]
V  [jvm.dll+0x13bd99]
V  [jvm.dll+0x13e395]
V  [jvm.dll+0x13c674]
V  [jvm.dll+0x13664f]
V  [jvm.dll+0x146176]
V  [jvm.dll+0x131d40]
V  [jvm.dll+0x1320a0]
V  [jvm.dll+0x132366]
V  [jvm.dll+0x1317fa]
V  [jvm.dll+0x1334c1]
V  [jvm.dll+0x224908]
V  [jvm.dll+0x222a6c]
V  [jvm.dll+0x7859bb]
V  [jvm.dll+0x77ff7a]
V  [jvm.dll+0x66fa35]
C  [ucrtbase.dll+0x29363]
C  [KERNEL32.DLL+0x126ad]
C  [ntdll.dll+0x5aa68]


---------------  P R O C E S S  ---------------

Threads class SMR info:
_java_thread_list=0x000001e8011bf4a0, length=13, elements={
0x000001e865cff100, 0x000001e865daa340, 0x000001e865daaef0, 0x000001e87f446fd0,
0x000001e87f4499a0, 0x000001e87f44a350, 0x000001e87f44ad00, 0x000001e87f44b9e0,
0x000001e87f44d7a0, 0x000001e87f4bcd70, 0x000001e800941bb0, 0x000001e800946320,
0x000001e800adac50
}

Java Threads: ( => current thread )
  0x000001e865cff100 JavaThread "main" [_thread_in_vm, id=61448, stack(0x00000016d9400000,0x00000016d9500000)]
  0x000001e865daa340 JavaThread "Reference Handler" daemon [_thread_blocked, id=43028, stack(0x00000016d9b00000,0x00000016d9c00000)]
  0x000001e865daaef0 JavaThread "Finalizer" daemon [_thread_blocked, id=34152, stack(0x00000016d9c00000,0x00000016d9d00000)]
  0x000001e87f446fd0 JavaThread "Signal Dispatcher" daemon [_thread_blocked, id=54412, stack(0x00000016d9d00000,0x00000016d9e00000)]
  0x000001e87f4499a0 JavaThread "Attach Listener" daemon [_thread_blocked, id=52780, stack(0x00000016d9e00000,0x00000016d9f00000)]
  0x000001e87f44a350 JavaThread "Service Thread" daemon [_thread_blocked, id=35792, stack(0x00000016d9f00000,0x00000016da000000)]
  0x000001e87f44ad00 JavaThread "Monitor Deflation Thread" daemon [_thread_blocked, id=51032, stack(0x00000016da000000,0x00000016da100000)]
  0x000001e87f44b9e0 JavaThread "C2 CompilerThread0" daemon [_thread_in_native, id=55916, stack(0x00000016da100000,0x00000016da200000)]
=>0x000001e87f44d7a0 JavaThread "C1 CompilerThread0" daemon [_thread_in_vm, id=58440, stack(0x00000016da200000,0x00000016da300000)]
  0x000001e87f4bcd70 JavaThread "Sweeper thread" daemon [_thread_blocked, id=62040, stack(0x00000016da300000,0x00000016da400000)]
  0x000001e800941bb0 JavaThread "Notification Thread" daemon [_thread_blocked, id=61836, stack(0x00000016da400000,0x00000016da500000)]
  0x000001e800946320 JavaThread "Common-Cleaner" daemon [_thread_blocked, id=59380, stack(0x00000016da600000,0x00000016da700000)]
  0x000001e800adac50 JavaThread "pool-1-thread-1" [_thread_blocked, id=22356, stack(0x00000016dab00000,0x00000016dac00000)]

Other Threads:
  0x000001e865d9dd90 VMThread "VM Thread" [stack: 0x00000016d9a00000,0x00000016d9b00000] [id=57224]
  0x000001e800942080 WatcherThread [stack: 0x00000016da500000,0x00000016da600000] [id=50552]
  0x000001e865d1fcc0 GCTaskThread "GC Thread#0" [stack: 0x00000016d9500000,0x00000016d9600000] [id=61988]
  0x000001e800dc8c10 GCTaskThread "GC Thread#1" [stack: 0x00000016d9300000,0x00000016d9400000] [id=20244]
  0x000001e8009cbd10 GCTaskThread "GC Thread#2" [stack: 0x00000016da700000,0x00000016da800000] [id=41144]
  0x000001e800bea3d0 GCTaskThread "GC Thread#3" [stack: 0x00000016da800000,0x00000016da900000] [id=47692]
  0x000001e87f4a6e00 GCTaskThread "GC Thread#4" [stack: 0x00000016da900000,0x00000016daa00000] [id=29264]
  0x000001e87f4a7480 GCTaskThread "GC Thread#5" [stack: 0x00000016daa00000,0x00000016dab00000] [id=48348]
  0x000001e865d21400 ConcurrentGCThread "G1 Main Marker" [stack: 0x00000016d9600000,0x00000016d9700000] [id=58704]
  0x000001e865d21e10 ConcurrentGCThread "G1 Conc#0" [stack: 0x00000016d9700000,0x00000016d9800000] [id=58524]
  0x000001e865d80ea0 ConcurrentGCThread "G1 Refine#0" [stack: 0x00000016d9800000,0x00000016d9900000] [id=35052]
  0x000001e865d818c0 ConcurrentGCThread "G1 Service" [stack: 0x00000016d9900000,0x00000016d9a00000] [id=58068]

Threads with active compile tasks:
C2 CompilerThread0    38600 1101       4       java.lang.StringBuilder::<init> (7 bytes)
C1 CompilerThread0    38600 1094   !   3       java.nio.charset.CharsetDecoder::decode (275 bytes)

VM state: not at safepoint (normal execution)

VM Mutex/Monitor currently owned by a thread:  ([mutex/lock_event])
[0x000001e865cece60] Metaspace_lock - owner thread: 0x000001e87f44d7a0
[0x000001e865cfa120] MethodData_lock - owner thread: 0x000001e87f44d7a0

Heap address: 0x00000000fc000000, size: 64 MB, Compressed Oops mode: 32-bit

CDS archive(s) mapped at: [0x0000000800000000-0x0000000800bc0000-0x0000000800bc0000), size 12320768, SharedBaseAddress: 0x0000000800000000, ArchiveRelocationMode: 0.
Compressed class space mapped at: 0x0000000800c00000-0x0000000840c00000, reserved size: 1073741824
Narrow klass base: 0x0000000800000000, Narrow klass shift: 0, Narrow klass range: 0x100000000

GC Precious Log:
 CPUs: 8 total, 8 available
 Memory: 7900M
 Large Page Support: Disabled
 NUMA Support: Disabled
 Compressed Oops: Enabled (32-bit)
 Heap Region Size: 1M
 Heap Min Capacity: 64M
 Heap Initial Capacity: 64M
 Heap Max Capacity: 64M
 Pre-touch: Disabled
 Parallel Workers: 8
 Concurrent Workers: 2
 Concurrent Refinement Workers: 8
 Periodic GC: Disabled

Heap:
 garbage-first heap   total 65536K, used 20996K [0x00000000fc000000, 0x0000000100000000)
  region size 1024K, 14 young (14336K), 3 survivors (3072K)
 Metaspace       used 6493K, committed 6720K, reserved 1056768K
  class space    used 905K, committed 1024K, reserved 1048576K

Heap Regions: E=young(eden), S=young(survivor), O=old, HS=humongous(starts), HC=humongous(continues), CS=collection set, F=free, OA=open archive, CA=closed archive, TAMS=top-at-mark-start (previous, next)
|   0|0x00000000fc000000, 0x00000000fc100000, 0x00000000fc100000|100%|HS|  |TAMS 0x00000000fc000000, 0x00000000fc000000| Complete 
|   1|0x00000000fc100000, 0x00000000fc200000, 0x00000000fc200000|100%|HC|  |TAMS 0x00000000fc100000, 0x00000000fc100000| Complete 
|   2|0x00000000fc200000, 0x00000000fc300000, 0x00000000fc300000|100%|HC|  |TAMS 0x00000000fc200000, 0x00000000fc200000| Complete 
|   3|0x00000000fc300000, 0x00000000fc400000, 0x00000000fc400000|100%|HC|  |TAMS 0x00000000fc300000, 0x00000000fc300000| Complete 
|   4|0x00000000fc400000, 0x00000000fc500000, 0x00000000fc500000|100%| O|  |TAMS 0x00000000fc400000, 0x00000000fc400000| Untracked 
|   5|0x00000000fc500000, 0x00000000fc600000, 0x00000000fc600000|100%| O|  |TAMS 0x00000000fc500000, 0x00000000fc500000| Untracked 
|   6|0x00000000fc600000, 0x00000000fc700000, 0x00000000fc700000|100%| O|  |TAMS 0x00000000fc600000, 0x00000000fc600000| Untracked 
|   7|0x00000000fc700000, 0x00000000fc781200, 0x00000000fc800000| 50%| O|  |TAMS 0x00000000fc700000, 0x00000000fc700000| Untracked 
|   8|0x00000000fc800000, 0x00000000fc800000, 0x00000000fc900000|  0%| F|  |TAMS 0x00000000fc800000, 0x00000000fc800000| Untracked 
|   9|0x00000000fc900000, 0x00000000fc900000, 0x00000000fca00000|  0%| F|  |TAMS 0x00000000fc900000, 0x00000000fc900000| Untracked 
|  10|0x00000000fca00000, 0x00000000fca00000, 0x00000000fcb00000|  0%| F|  |TAMS 0x00000000fca00000, 0x00000000fca00000| Untracked 
|  11|0x00000000fcb00000, 0x00000000fcb00000, 0x00000000fcc00000|  0%| F|  |TAMS 0x00000000fcb00000, 0x00000000fcb00000| Untracked 
|  12|0x00000000fcc00000, 0x00000000fcc00000, 0x00000000fcd00000|  0%| F|  |TAMS 0x00000000fcc00000, 0x00000000fcc00000| Untracked 
|  13|0x00000000fcd00000, 0x00000000fcd00000, 0x00000000fce00000|  0%| F|  |TAMS 0x00000000fcd00000, 0x00000000fcd00000| Untracked 
|  14|0x00000000fce00000, 0x00000000fce00000, 0x00000000fcf00000|  0%| F|  |TAMS 0x00000000fce00000, 0x00000000fce00000| Untracked 
|  15|0x00000000fcf00000, 0x00000000fcf00000, 0x00000000fd000000|  0%| F|  |TAMS 0x00000000fcf00000, 0x00000000fcf00000| Untracked 
|  16|0x00000000fd000000, 0x00000000fd000000, 0x00000000fd100000|  0%| F|  |TAMS 0x00000000fd000000, 0x00000000fd000000| Untracked 
|  17|0x00000000fd100000, 0x00000000fd100000, 0x00000000fd200000|  0%| F|  |TAMS 0x00000000fd100000, 0x00000000fd100000| Untracked 
|  18|0x00000000fd200000, 0x00000000fd200000, 0x00000000fd300000|  0%| F|  |TAMS 0x00000000fd200000, 0x00000000fd200000| Untracked 
|  19|0x00000000fd300000, 0x00000000fd300000, 0x00000000fd400000|  0%| F|  |TAMS 0x00000000fd300000, 0x00000000fd300000| Untracked 
|  20|0x00000000fd400000, 0x00000000fd400000, 0x00000000fd500000|  0%| F|  |TAMS 0x00000000fd400000, 0x00000000fd400000| Untracked 
|  21|0x00000000fd500000, 0x00000000fd500000, 0x00000000fd600000|  0%| F|  |TAMS 0x00000000fd500000, 0x00000000fd500000| Untracked 
|  22|0x00000000fd600000, 0x00000000fd600000, 0x00000000fd700000|  0%| F|  |TAMS 0x00000000fd600000, 0x00000000fd600000| Untracked 
|  23|0x00000000fd700000, 0x00000000fd700000, 0x00000000fd800000|  0%| F|  |TAMS 0x00000000fd700000, 0x00000000fd700000| Untracked 
|  24|0x00000000fd800000, 0x00000000fd800000, 0x00000000fd900000|  0%| F|  |TAMS 0x00000000fd800000, 0x00000000fd800000| Untracked 
|  25|0x00000000fd900000, 0x00000000fd900000, 0x00000000fda00000|  0%| F|  |TAMS 0x00000000fd900000, 0x00000000fd900000| Untracked 
|  26|0x00000000fda00000, 0x00000000fda00000, 0x00000000fdb00000|  0%| F|  |TAMS 0x00000000fda00000, 0x00000000fda00000| Untracked 
|  27|0x00000000fdb00000, 0x00000000fdb00000, 0x00000000fdc00000|  0%| F|  |TAMS 0x00000000fdb00000, 0x00000000fdb00000| Untracked 
|  28|0x00000000fdc00000, 0x00000000fdc00000, 0x00000000fdd00000|  0%| F|  |TAMS 0x00000000fdc00000, 0x00000000fdc00000| Untracked 
|  29|0x00000000fdd00000, 0x00000000fdd00000, 0x00000000fde00000|  0%| F|  |TAMS 0x00000000fdd00000, 0x00000000fdd00000| Untracked 
|  30|0x00000000fde00000, 0x00000000fde00000, 0x00000000fdf00000|  0%| F|  |TAMS 0x00000000fde00000, 0x00000000fde00000| Untracked 
|  31|0x00000000fdf00000, 0x00000000fdf00000, 0x00000000fe000000|  0%| F|  |TAMS 0x00000000fdf00000, 0x00000000fdf00000| Untracked 
|  32|0x00000000fe000000, 0x00000000fe000000, 0x00000000fe100000|  0%| F|  |TAMS 0x00000000fe000000, 0x00000000fe000000| Untracked 
|  33|0x00000000fe100000, 0x00000000fe100000, 0x00000000fe200000|  0%| F|  |TAMS 0x00000000fe100000, 0x00000000fe100000| Untracked 
|  34|0x00000000fe200000, 0x00000000fe200000, 0x00000000fe300000|  0%| F|  |TAMS 0x00000000fe200000, 0x00000000fe200000| Untracked 
|  35|0x00000000fe300000, 0x00000000fe300000, 0x00000000fe400000|  0%| F|  |TAMS 0x00000000fe300000, 0x00000000fe300000| Untracked 
|  36|0x00000000fe400000, 0x00000000fe400000, 0x00000000fe500000|  0%| F|  |TAMS 0x00000000fe400000, 0x00000000fe400000| Untracked 
|  37|0x00000000fe500000, 0x00000000fe500000, 0x00000000fe600000|  0%| F|  |TAMS 0x00000000fe500000, 0x00000000fe500000| Untracked 
|  38|0x00000000fe600000, 0x00000000fe700000, 0x00000000fe700000|100%| S|CS|TAMS 0x00000000fe600000, 0x00000000fe600000| Complete 
|  39|0x00000000fe700000, 0x00000000fe800000, 0x00000000fe800000|100%| S|CS|TAMS 0x00000000fe700000, 0x00000000fe700000| Complete 
|  40|0x00000000fe800000, 0x00000000fe900000, 0x00000000fe900000|100%| S|CS|TAMS 0x00000000fe800000, 0x00000000fe800000| Complete 
|  41|0x00000000fe900000, 0x00000000fe900000, 0x00000000fea00000|  0%| F|  |TAMS 0x00000000fe900000, 0x00000000fe900000| Untracked 
|  42|0x00000000fea00000, 0x00000000fea00000, 0x00000000feb00000|  0%| F|  |TAMS 0x00000000fea00000, 0x00000000fea00000| Untracked 
|  43|0x00000000feb00000, 0x00000000feb00000, 0x00000000fec00000|  0%| F|  |TAMS 0x00000000feb00000, 0x00000000feb00000| Untracked 
|  44|0x00000000fec00000, 0x00000000fec00000, 0x00000000fed00000|  0%| F|  |TAMS 0x00000000fec00000, 0x00000000fec00000| Untracked 
|  45|0x00000000fed00000, 0x00000000fed00000, 0x00000000fee00000|  0%| F|  |TAMS 0x00000000fed00000, 0x00000000fed00000| Untracked 
|  46|0x00000000fee00000, 0x00000000fee00000, 0x00000000fef00000|  0%| F|  |TAMS 0x00000000fee00000, 0x00000000fee00000| Untracked 
|  47|0x00000000fef00000, 0x00000000fef00000, 0x00000000ff000000|  0%| F|  |TAMS 0x00000000fef00000, 0x00000000fef00000| Untracked 
|  48|0x00000000ff000000, 0x00000000ff000000, 0x00000000ff100000|  0%| F|  |TAMS 0x00000000ff000000, 0x00000000ff000000| Untracked 
|  49|0x00000000ff100000, 0x00000000ff100000, 0x00000000ff200000|  0%| F|  |TAMS 0x00000000ff100000, 0x00000000ff100000| Untracked 
|  50|0x00000000ff200000, 0x00000000ff200000, 0x00000000ff300000|  0%| F|  |TAMS 0x00000000ff200000, 0x00000000ff200000| Untracked 
|  51|0x00000000ff300000, 0x00000000ff300000, 0x00000000ff400000|  0%| F|  |TAMS 0x00000000ff300000, 0x00000000ff300000| Untracked 
|  52|0x00000000ff400000, 0x00000000ff400000, 0x00000000ff500000|  0%| F|  |TAMS 0x00000000ff400000, 0x00000000ff400000| Untracked 
|  53|0x00000000ff500000, 0x00000000ff571250, 0x00000000ff600000| 44%| E|  |TAMS 0x00000000ff500000, 0x00000000ff500000| Complete 
|  54|0x00000000ff600000, 0x00000000ff700000, 0x00000000ff700000|100%| E|CS|TAMS 0x00000000ff600000, 0x00000000ff600000| Complete 
|  55|0x00000000ff700000, 0x00000000ff800000, 0x00000000ff800000|100%| E|CS|TAMS 0x00000000ff700000, 0x00000000ff700000| Complete 
|  56|0x00000000ff800000, 0x00000000ff900000, 0x00000000ff900000|100%| E|CS|TAMS 0x00000000ff800000, 0x00000000ff800000| Complete 
|  57|0x00000000ff900000, 0x00000000ffa00000, 0x00000000ffa00000|100%| E|CS|TAMS 0x00000000ff900000, 0x00000000ff900000| Complete 
|  58|0x00000000ffa00000, 0x00000000ffb00000, 0x00000000ffb00000|100%| E|CS|TAMS 0x00000000ffa00000, 0x00000000ffa00000| Complete 
|  59|0x00000000ffb00000, 0x00000000ffc00000, 0x00000000ffc00000|100%| E|CS|TAMS 0x00000000ffb00000, 0x00000000ffb00000| Complete 
|  60|0x00000000ffc00000, 0x00000000ffd00000, 0x00000000ffd00000|100%| E|CS|TAMS 0x00000000ffc00000, 0x00000000ffc00000| Complete 
|  61|0x00000000ffd00000, 0x00000000ffe00000, 0x00000000ffe00000|100%| E|CS|TAMS 0x00000000ffd00000, 0x00000000ffd00000| Complete 
|  62|0x00000000ffe00000, 0x00000000fff00000, 0x00000000fff00000|100%| E|CS|TAMS 0x00000000ffe00000, 0x00000000ffe00000| Complete 
|  63|0x00000000fff00000, 0x0000000100000000, 0x0000000100000000|100%| E|CS|TAMS 0x00000000fff00000, 0x00000000fff00000| Complete 

Card table byte_map: [0x000001e863ce0000,0x000001e863d00000] _byte_map_base: 0x000001e863500000

Marking Bits (Prev, Next): (CMBitMap*) 0x000001e865d202d0, (CMBitMap*) 0x000001e865d20310
 Prev Bits: [0x000001e87c880000, 0x000001e87c980000)
 Next Bits: [0x000001e87c980000, 0x000001e87ca80000)

Polling page: 0x000001e863c90000

Metaspace:

Usage:
  Non-class:      5.46 MB used.
      Class:    905.27 KB used.
       Both:      6.34 MB used.

Virtual space:
  Non-class space:        8.00 MB reserved,       5.56 MB ( 70%) committed,  1 nodes.
      Class space:        1.00 GB reserved,       1.00 MB ( <1%) committed,  1 nodes.
             Both:        1.01 GB reserved,       6.56 MB ( <1%) committed. 

Chunk freelists:
   Non-Class:  1.06 MB
       Class:  3.04 MB
        Both:  4.10 MB

MaxMetaspaceSize: unlimited
CompressedClassSpaceSize: 1.00 GB
Initial GC threshold: 21.00 MB
Current GC threshold: 21.00 MB
CDS: on
MetaspaceReclaimPolicy: balanced
 - commit_granule_bytes: 65536.
 - commit_granule_words: 8192.
 - virtual_space_node_default_size: 1048576.
 - enlarge_chunks_in_place: 1.
 - new_chunks_are_fully_committed: 0.
 - uncommit_free_chunks: 1.
 - use_allocation_guard: 0.
 - handle_deallocations: 1.


Internal statistics:

num_allocs_failed_limit: 0.
num_arena_births: 66.
num_arena_deaths: 0.
num_vsnodes_births: 2.
num_vsnodes_deaths: 0.
num_space_committed: 105.
num_space_uncommitted: 0.
num_chunks_returned_to_freelist: 0.
num_chunks_taken_from_freelist: 236.
num_chunk_merges: 0.
num_chunk_splits: 158.
num_chunks_enlarged: 138.
num_purges: 0.
num_inconsistent_stats: 0.

CodeHeap 'non-profiled nmethods': size=120000Kb used=433Kb max_used=433Kb free=119567Kb
 bounds [0x000001e875020000, 0x000001e875290000, 0x000001e87c550000]
CodeHeap 'profiled nmethods': size=120000Kb used=2024Kb max_used=2024Kb free=117975Kb
 bounds [0x000001e86daf0000, 0x000001e86dd60000, 0x000001e875020000]
CodeHeap 'non-nmethods': size=5760Kb used=1160Kb max_used=1175Kb free=4599Kb
 bounds [0x000001e86d550000, 0x000001e86d7c0000, 0x000001e86daf0000]
 total_blobs=1532 nmethods=1093 adapters=352
 compilation: enabled
              stopped_count=0, restarted_count=0
 full_count=0

Compilation events (20 events):
Event: 38.161 Thread 0x000001e87f44d7a0 nmethod 1084 0x000001e86dce6e10 code [0x000001e86dce6fc0, 0x000001e86dce7308]
Event: 38.323 Thread 0x000001e87f44d7a0 1085       1       java.nio.charset.CharsetEncoder::maxBytesPerChar (5 bytes)
Event: 38.323 Thread 0x000001e87f44d7a0 nmethod 1085 0x000001e87508be10 code [0x000001e87508bfa0, 0x000001e87508c078]
Event: 38.323 Thread 0x000001e87f44d7a0 1086       1       sun.nio.cs.DoubleByte$Encoder::isASCIICompatible (5 bytes)
Event: 38.323 Thread 0x000001e87f44d7a0 nmethod 1086 0x000001e87508c110 code [0x000001e87508c2a0, 0x000001e87508c378]
Event: 38.323 Thread 0x000001e87f44d7a0 1087       3       java.nio.CharBuffer::position (8 bytes)
Event: 38.324 Thread 0x000001e87f44d7a0 nmethod 1087 0x000001e86dce7410 code [0x000001e86dce75a0, 0x000001e86dce76e8]
Event: 38.324 Thread 0x000001e87f44d7a0 1088       3       java.nio.Buffer::<init> (105 bytes)
Event: 38.325 Thread 0x000001e87f44d7a0 nmethod 1088 0x000001e86dce7790 code [0x000001e86dce7a40, 0x000001e86dce85b8]
Event: 38.325 Thread 0x000001e87f44d7a0 1089       3       java.nio.CharBuffer::position (6 bytes)
Event: 38.326 Thread 0x000001e87f44d7a0 nmethod 1089 0x000001e86dce8a10 code [0x000001e86dce8bc0, 0x000001e86dce8d68]
Event: 38.326 Thread 0x000001e87f44d7a0 1090       3       java.nio.ByteBuffer::array (35 bytes)
Event: 38.326 Thread 0x000001e87f44d7a0 nmethod 1090 0x000001e86dce8e10 code [0x000001e86dce8fe0, 0x000001e86dce92b8]
Event: 38.327 Thread 0x000001e87f44d7a0 1091       3       java.lang.ref.WeakReference::<init> (6 bytes)
Event: 38.328 Thread 0x000001e87f44d7a0 nmethod 1091 0x000001e86dce9410 code [0x000001e86dce95c0, 0x000001e86dce98d8]
Event: 38.328 Thread 0x000001e87f44d7a0 1092       3       sun.nio.fs.WindowsPath::<init> (26 bytes)
Event: 38.328 Thread 0x000001e87f44d7a0 nmethod 1092 0x000001e86dce9a10 code [0x000001e86dce9bc0, 0x000001e86dce9e98]
Event: 38.328 Thread 0x000001e87f44d7a0 1093       3       java.nio.ByteOrder::nativeOrder (4 bytes)
Event: 38.329 Thread 0x000001e87f44d7a0 nmethod 1093 0x000001e86dce9f90 code [0x000001e86dcea120, 0x000001e86dcea218]
Event: 38.329 Thread 0x000001e87f44d7a0 1094   !   3       java.nio.charset.CharsetDecoder::decode (275 bytes)

GC Heap History (2 events):
Event: 29.810 GC heap before
{Heap before GC invocations=0 (full 0):
 garbage-first heap   total 65536K, used 26624K [0x00000000fc000000, 0x0000000100000000)
  region size 1024K, 23 young (23552K), 0 survivors (0K)
 Metaspace       used 3769K, committed 3904K, reserved 1056768K
  class space    used 480K, committed 512K, reserved 1048576K
}
Event: 29.832 GC heap after
{Heap after GC invocations=1 (full 0):
 garbage-first heap   total 65536K, used 10756K [0x00000000fc000000, 0x0000000100000000)
  region size 1024K, 3 young (3072K), 3 survivors (3072K)
 Metaspace       used 3769K, committed 3904K, reserved 1056768K
  class space    used 480K, committed 512K, reserved 1048576K
}

Deoptimization events (20 events):
Event: 31.899 Thread 0x000001e865cff100 Uncommon trap: trap_request=0xffffffde fr.pc=0x000001e875080134 relative=0x0000000000000114
Event: 31.899 Thread 0x000001e865cff100 Uncommon trap: reason=class_check action=maybe_recompile pc=0x000001e875080134 method=jdk.internal.misc.Unsafe.allocateUninitializedArray(Ljava/lang/Class;I)Ljava/lang/Object; @ 51 c2
Event: 31.899 Thread 0x000001e865cff100 DEOPT PACKING pc=0x000001e875080134 sp=0x00000016d94faed0
Event: 31.899 Thread 0x000001e865cff100 DEOPT UNPACKING pc=0x000001e86d5a5c23 sp=0x00000016d94fae58 mode 2
Event: 31.899 Thread 0x000001e865cff100 Uncommon trap: trap_request=0xffffffde fr.pc=0x000001e875080134 relative=0x0000000000000114
Event: 31.899 Thread 0x000001e865cff100 Uncommon trap: reason=class_check action=maybe_recompile pc=0x000001e875080134 method=jdk.internal.misc.Unsafe.allocateUninitializedArray(Ljava/lang/Class;I)Ljava/lang/Object; @ 51 c2
Event: 31.899 Thread 0x000001e865cff100 DEOPT PACKING pc=0x000001e875080134 sp=0x00000016d94faf70
Event: 31.899 Thread 0x000001e865cff100 DEOPT UNPACKING pc=0x000001e86d5a5c23 sp=0x00000016d94faef8 mode 2
Event: 33.176 Thread 0x000001e865cff100 Uncommon trap: trap_request=0xffffff45 fr.pc=0x000001e875052390 relative=0x0000000000000f70
Event: 33.176 Thread 0x000001e865cff100 Uncommon trap: reason=unstable_if action=reinterpret pc=0x000001e875052390 method=java.util.HashMap.putVal(ILjava/lang/Object;Ljava/lang/Object;ZZ)Ljava/lang/Object; @ 236 c2
Event: 33.176 Thread 0x000001e865cff100 DEOPT PACKING pc=0x000001e875052390 sp=0x00000016d94fba70
Event: 33.176 Thread 0x000001e865cff100 DEOPT UNPACKING pc=0x000001e86d5a5c23 sp=0x00000016d94fba48 mode 2
Event: 33.471 Thread 0x000001e865cff100 DEOPT PACKING pc=0x000001e86db979e5 sp=0x00000016d94fb2a0
Event: 33.471 Thread 0x000001e865cff100 DEOPT UNPACKING pc=0x000001e86d5a6763 sp=0x00000016d94fa6f0 mode 0
Event: 35.104 Thread 0x000001e865cff100 DEOPT PACKING pc=0x000001e86dc0fa38 sp=0x00000016d94f69d0
Event: 35.104 Thread 0x000001e865cff100 DEOPT UNPACKING pc=0x000001e86d5a6763 sp=0x00000016d94f5ee8 mode 0
Event: 36.430 Thread 0x000001e865cff100 Uncommon trap: trap_request=0xffffffc6 fr.pc=0x000001e87507f954 relative=0x0000000000000574
Event: 36.430 Thread 0x000001e865cff100 Uncommon trap: reason=bimorphic_or_optimized_type_check action=maybe_recompile pc=0x000001e87507f954 method=java.util.concurrent.ConcurrentHashMap.get(Ljava/lang/Object;)Ljava/lang/Object; @ 149 c2
Event: 36.430 Thread 0x000001e865cff100 DEOPT PACKING pc=0x000001e87507f954 sp=0x00000016d94fb580
Event: 36.430 Thread 0x000001e865cff100 DEOPT UNPACKING pc=0x000001e86d5a5c23 sp=0x00000016d94fb520 mode 2

Classes unloaded (0 events):
No events

Classes redefined (0 events):
No events

Internal exceptions (14 events):
Event: 3.726 Thread 0x000001e865cff100 Exception <a 'java/lang/NoSuchMethodError'{0x00000000ffcfd120}: 'int java.lang.invoke.DirectMethodHandle$Holder.invokeStaticInit(java.lang.Object, java.lang.Object)'> (0x00000000ffcfd120) 
thrown [t:\workspace\open\src\hotspot\share\interpreter\linkResolver.cpp, line 766]
Event: 26.656 Thread 0x000001e865cff100 Exception <a 'java/lang/NoSuchMethodError'{0x00000000fea2a488}: 'void java.lang.invoke.DirectMethodHandle$Holder.invokeStatic(java.lang.Object, java.lang.Object)'> (0x00000000fea2a488) 
thrown [t:\workspace\open\src\hotspot\share\interpreter\linkResolver.cpp, line 766]
Event: 29.370 Thread 0x000001e865cff100 Exception <a 'java/lang/NoClassDefFoundError'{0x00000000feaaefc0}: org/slf4j/impl/StaticMarkerBinder> (0x00000000feaaefc0) 
thrown [t:\workspace\open\src\hotspot\share\classfile\systemDictionary.cpp, line 245]
Event: 29.692 Thread 0x000001e865cff100 Exception <a 'java/lang/NoSuchMethodError'{0x00000000fe94b100}: 'java.lang.Object java.lang.invoke.DirectMethodHandle$Holder.invokeVirtual(java.lang.Object, java.lang.Object, java.lang.Object, java.lang.Object, java.lang.Object, java.lang.Object, java.lang.Object)'> (0x00000000fe94b100) 
thrown [t:\workspace\open\src\hotspot\share\interpreter\linkResolver.cpp, line 766]
Event: 29.697 Thread 0x000001e865cff100 Exception <a 'java/lang/NoSuchMethodError'{0x00000000fe95c700}: 'java.lang.Object java.lang.invoke.Invokers$Holder.invoker(java.lang.Object, java.lang.Object, java.lang.Object)'> (0x00000000fe95c700) 
thrown [t:\workspace\open\src\hotspot\share\interpreter\linkResolver.cpp, line 766]
Event: 29.720 Thread 0x000001e865cff100 Exception <a 'java/lang/NoSuchMethodError'{0x00000000fe9657d0}: 'java.lang.Object java.lang.invoke.DirectMethodHandle$Holder.invokeStatic(java.lang.Object, java.lang.Object, int)'> (0x00000000fe9657d0) 
thrown [t:\workspace\open\src\hotspot\share\interpreter\linkResolver.cpp, line 766]
Event: 29.724 Thread 0x000001e865cff100 Exception <a 'java/lang/NoSuchMethodError'{0x00000000fe9714c0}: 'void java.lang.invoke.DelegatingMethodHandle$Holder.delegate(java.lang.Object, java.lang.Object, int, java.lang.Object)'> (0x00000000fe9714c0) 
thrown [t:\workspace\open\src\hotspot\share\interpreter\linkResolver.cpp, line 766]
Event: 29.725 Thread 0x000001e865cff100 Exception <a 'java/lang/NoSuchMethodError'{0x00000000fe975608}: 'int java.lang.invoke.DirectMethodHandle$Holder.invokeSpecial(java.lang.Object, java.lang.Object, java.lang.Object)'> (0x00000000fe975608) 
thrown [t:\workspace\open\src\hotspot\share\interpreter\linkResolver.cpp, line 766]
Event: 29.733 Thread 0x000001e865cff100 Exception <a 'java/lang/NoSuchMethodError'{0x00000000fe988d88}: 'java.lang.Object java.lang.invoke.Invokers$Holder.invokeExact_MT(java.lang.Object, java.lang.Object, java.lang.Object, java.lang.Object)'> (0x00000000fe988d88) 
thrown [t:\workspace\open\src\hotspot\share\interpreter\linkResolver.cpp, line 766]
Event: 31.452 Thread 0x000001e865cff100 Exception <a 'java/lang/NoSuchMethodError'{0x00000000ffcf39f8}: 'void java.lang.invoke.DirectMethodHandle$Holder.invokeSpecial(java.lang.Object, java.lang.Object, java.lang.Object)'> (0x00000000ffcf39f8) 
thrown [t:\workspace\open\src\hotspot\share\interpreter\linkResolver.cpp, line 766]
Event: 31.581 Thread 0x000001e865cff100 Implicit null exception at 0x000001e87506c48e to 0x000001e87506c8cc
Event: 31.581 Thread 0x000001e865cff100 Implicit null exception at 0x000001e87505a513 to 0x000001e87505a944
Event: 31.997 Thread 0x000001e865cff100 Exception <a 'java/lang/NoSuchMethodError'{0x00000000ffa917d0}: 'java.lang.Object java.lang.invoke.DirectMethodHandle$Holder.invokeStaticInit(java.lang.Object)'> (0x00000000ffa917d0) 
thrown [t:\workspace\open\src\hotspot\share\interpreter\linkResolver.cpp, line 766]
Event: 35.570 Thread 0x000001e865cff100 Exception <a 'java/lang/NoSuchMethodError'{0x00000000ff6a8b08}: 'java.lang.Object java.lang.invoke.DirectMethodHandle$Holder.invokeStaticInit(java.lang.Object, int, int, int, int)'> (0x00000000ff6a8b08) 
thrown [t:\workspace\open\src\hotspot\share\interpreter\linkResolver.cpp, line 766]

VM Operations (20 events):
Event: 29.719 Executing VM operation: Cleanup
Event: 29.719 Executing VM operation: Cleanup done
Event: 29.809 Executing VM operation: G1CollectForAllocation
Event: 29.832 Executing VM operation: G1CollectForAllocation done
Event: 30.837 Executing VM operation: Cleanup
Event: 30.838 Executing VM operation: Cleanup done
Event: 31.840 Executing VM operation: Cleanup
Event: 31.840 Executing VM operation: Cleanup done
Event: 32.853 Executing VM operation: Cleanup
Event: 32.854 Executing VM operation: Cleanup done
Event: 33.855 Executing VM operation: Cleanup
Event: 33.885 Executing VM operation: Cleanup done
Event: 34.535 Executing VM operation: HandshakeAllThreads
Event: 34.535 Executing VM operation: HandshakeAllThreads done
Event: 35.543 Executing VM operation: Cleanup
Event: 35.558 Executing VM operation: Cleanup done
Event: 36.559 Executing VM operation: Cleanup
Event: 36.582 Executing VM operation: Cleanup done
Event: 38.322 Executing VM operation: HandshakeAllThreads
Event: 38.323 Executing VM operation: HandshakeAllThreads done

Events (20 events):
Event: 36.433 loading class sun/security/provider/SeedGenerator$1
Event: 36.453 loading class sun/security/provider/SeedGenerator$1 done
Event: 36.454 loading class sun/security/provider/ByteArrayAccess$BE
Event: 36.454 loading class sun/security/provider/ByteArrayAccess$BE done
Event: 38.139 loading class java/net/NetworkInterface$1
Event: 38.164 loading class java/net/NetworkInterface$1 done
Event: 38.224 loading class java/nio/file/Files$AcceptAllFilter
Event: 38.240 loading class java/nio/file/DirectoryStream$Filter
Event: 38.263 loading class java/nio/file/DirectoryStream$Filter done
Event: 38.263 loading class java/nio/file/Files$AcceptAllFilter done
Event: 38.263 loading class sun/nio/fs/WindowsDirectoryStream
Event: 38.278 loading class java/nio/file/DirectoryStream
Event: 38.279 loading class java/nio/file/DirectoryStream done
Event: 38.279 loading class sun/nio/fs/WindowsDirectoryStream done
Event: 38.313 loading class sun/nio/fs/WindowsDirectoryStream$WindowsDirectoryIterator
Event: 38.318 loading class sun/nio/fs/WindowsDirectoryStream$WindowsDirectoryIterator done
Event: 38.319 loading class sun/nio/fs/WindowsPath$WindowsPathWithAttributes
Event: 38.322 loading class sun/nio/fs/BasicFileAttributesHolder
Event: 38.322 loading class sun/nio/fs/BasicFileAttributesHolder done
Event: 38.322 loading class sun/nio/fs/WindowsPath$WindowsPathWithAttributes done


Dynamic libraries:
0x00007ff789980000 - 0x00007ff789990000 	C:\Program Files\Java\jdk-17.0.2\bin\java.exe
0x00007ffbc7bb0000 - 0x00007ffbc7dc4000 	C:\WINDOWS\SYSTEM32\ntdll.dll
0x00007ffbc6e90000 - 0x00007ffbc6f54000 	C:\WINDOWS\System32\KERNEL32.DLL
0x00007ffbc51d0000 - 0x00007ffbc5574000 	C:\WINDOWS\System32\KERNELBASE.dll
0x00007ffbc5730000 - 0x00007ffbc5841000 	C:\WINDOWS\System32\ucrtbase.dll
0x00007ffbc03e0000 - 0x00007ffbc03fa000 	C:\Program Files\Java\jdk-17.0.2\bin\VCRUNTIME140.dll
0x00007ffbb3890000 - 0x00007ffbb38a8000 	C:\Program Files\Java\jdk-17.0.2\bin\jli.dll
0x00007ffbc5a60000 - 0x00007ffbc5b10000 	C:\WINDOWS\System32\ADVAPI32.dll
0x00007ffbc6de0000 - 0x00007ffbc6e87000 	C:\WINDOWS\System32\msvcrt.dll
0x00007ffbc6310000 - 0x00007ffbc63b6000 	C:\WINDOWS\System32\sechost.dll
0x00007ffbc6f60000 - 0x00007ffbc7077000 	C:\WINDOWS\System32\RPCRT4.dll
0x00007ffbc6410000 - 0x00007ffbc65ba000 	C:\WINDOWS\System32\USER32.dll
0x00007ffbc51a0000 - 0x00007ffbc51c6000 	C:\WINDOWS\System32\win32u.dll
0x00007ffbc59b0000 - 0x00007ffbc59d9000 	C:\WINDOWS\System32\GDI32.dll
0x00007ffbc5850000 - 0x00007ffbc5969000 	C:\WINDOWS\System32\gdi32full.dll
0x00007ffbc4f90000 - 0x00007ffbc502a000 	C:\WINDOWS\System32\msvcp_win.dll
0x00007ffbad340000 - 0x00007ffbad5cf000 	C:\WINDOWS\WinSxS\amd64_microsoft.windows.common-controls_6595b64144ccf1df_6.0.22621.2070_none_2713e6537381f706\COMCTL32.dll
0x00007ffbbba70000 - 0x00007ffbbba7a000 	C:\WINDOWS\SYSTEM32\VERSION.dll
0x00007ffbc7960000 - 0x00007ffbc7991000 	C:\WINDOWS\System32\IMM32.DLL
0x00007ffbc03d0000 - 0x00007ffbc03dc000 	C:\Program Files\Java\jdk-17.0.2\bin\vcruntime140_1.dll
0x00007ffb5b540000 - 0x00007ffb5b5cd000 	C:\Program Files\Java\jdk-17.0.2\bin\msvcp140.dll
0x00007ffb4e740000 - 0x00007ffb4f301000 	C:\Program Files\Java\jdk-17.0.2\bin\server\jvm.dll
0x00007ffbc5ec0000 - 0x00007ffbc5ec8000 	C:\WINDOWS\System32\PSAPI.DLL
0x00007ffba5ee0000 - 0x00007ffba5ee9000 	C:\WINDOWS\SYSTEM32\WSOCK32.dll
0x00007ffbc59e0000 - 0x00007ffbc5a51000 	C:\WINDOWS\System32\WS2_32.dll
0x00007ffbbc360000 - 0x00007ffbbc394000 	C:\WINDOWS\SYSTEM32\WINMM.dll
0x00007ffbc40c0000 - 0x00007ffbc40d8000 	C:\WINDOWS\SYSTEM32\kernel.appcore.dll
0x00007ffbc0330000 - 0x00007ffbc033a000 	C:\Program Files\Java\jdk-17.0.2\bin\jimage.dll
0x00007ffbbb460000 - 0x00007ffbbb68e000 	C:\WINDOWS\SYSTEM32\DBGHELP.DLL
0x00007ffbc5f80000 - 0x00007ffbc630a000 	C:\WINDOWS\System32\combase.dll
0x00007ffbc5c10000 - 0x00007ffbc5ce7000 	C:\WINDOWS\System32\OLEAUT32.dll
0x00007ffba9250000 - 0x00007ffba9282000 	C:\WINDOWS\SYSTEM32\dbgcore.DLL
0x00007ffbc5580000 - 0x00007ffbc55fa000 	C:\WINDOWS\System32\bcryptPrimitives.dll
0x00007ffbb1ef0000 - 0x00007ffbb1f15000 	C:\Program Files\Java\jdk-17.0.2\bin\java.dll
0x00007ffb59900000 - 0x00007ffb599d6000 	C:\Program Files\Java\jdk-17.0.2\bin\jsvml.dll
0x00007ffbc65c0000 - 0x00007ffbc6dd6000 	C:\WINDOWS\System32\SHELL32.dll
0x00007ffbc2f70000 - 0x00007ffbc385a000 	C:\WINDOWS\SYSTEM32\windows.storage.dll
0x00007ffbc2e30000 - 0x00007ffbc2f6e000 	C:\WINDOWS\SYSTEM32\wintypes.dll
0x00007ffbc7220000 - 0x00007ffbc7313000 	C:\WINDOWS\System32\SHCORE.dll
0x00007ffbc79b0000 - 0x00007ffbc7a0e000 	C:\WINDOWS\System32\shlwapi.dll
0x00007ffbc4ec0000 - 0x00007ffbc4ee6000 	C:\WINDOWS\SYSTEM32\profapi.dll
0x00007ffbb1fa0000 - 0x00007ffbb1fb9000 	C:\Program Files\Java\jdk-17.0.2\bin\net.dll
0x00007ffbbe1e0000 - 0x00007ffbbe317000 	C:\WINDOWS\SYSTEM32\WINHTTP.dll
0x00007ffbc4540000 - 0x00007ffbc45a9000 	C:\WINDOWS\system32\mswsock.dll
0x00007ffbabe10000 - 0x00007ffbabe26000 	C:\Program Files\Java\jdk-17.0.2\bin\nio.dll
0x00007ffba0a50000 - 0x00007ffba0a68000 	C:\Program Files\Java\jdk-17.0.2\bin\zip.dll
0x00007ffbbc490000 - 0x00007ffbbc4a0000 	C:\Program Files\Java\jdk-17.0.2\bin\verify.dll
0x00007ffb891f0000 - 0x00007ffb89217000 	C:\Users\h6263\.gradle\native\68d5fa5c4cc2d200863cafc0d521ce42e7d3e7ee720ec0a83991735586a16f82\windows-amd64\native-platform.dll
0x00007ffbb0d70000 - 0x00007ffbb0d79000 	C:\Program Files\Java\jdk-17.0.2\bin\management.dll
0x00007ffbb0d20000 - 0x00007ffbb0d2b000 	C:\Program Files\Java\jdk-17.0.2\bin\management_ext.dll
0x00007ffbc4790000 - 0x00007ffbc47ab000 	C:\WINDOWS\SYSTEM32\CRYPTSP.dll
0x00007ffbc4030000 - 0x00007ffbc4065000 	C:\WINDOWS\system32\rsaenh.dll
0x00007ffbc4630000 - 0x00007ffbc465c000 	C:\WINDOWS\SYSTEM32\USERENV.dll
0x00007ffbc4930000 - 0x00007ffbc4958000 	C:\WINDOWS\SYSTEM32\bcrypt.dll
0x00007ffbc47b0000 - 0x00007ffbc47bc000 	C:\WINDOWS\SYSTEM32\CRYPTBASE.dll
0x00007ffbc3b30000 - 0x00007ffbc3b5d000 	C:\WINDOWS\SYSTEM32\IPHLPAPI.DLL
0x00007ffbc5cf0000 - 0x00007ffbc5cf9000 	C:\WINDOWS\System32\NSI.dll
0x00007ffbbc730000 - 0x00007ffbbc749000 	C:\WINDOWS\SYSTEM32\dhcpcsvc6.DLL
0x00007ffbbc340000 - 0x00007ffbbc35f000 	C:\WINDOWS\SYSTEM32\dhcpcsvc.DLL
0x00007ffbc3b60000 - 0x00007ffbc3c53000 	C:\WINDOWS\SYSTEM32\DNSAPI.dll

dbghelp: loaded successfully - version: 4.0.5 - missing functions: none
symbol engine: initialized successfully - sym options: 0x614 - pdb path: .;C:\Program Files\Java\jdk-17.0.2\bin;C:\WINDOWS\SYSTEM32;C:\WINDOWS\WinSxS\amd64_microsoft.windows.common-controls_6595b64144ccf1df_6.0.22621.2070_none_2713e6537381f706;C:\Program Files\Java\jdk-17.0.2\bin\server;C:\Users\h6263\.gradle\native\68d5fa5c4cc2d200863cafc0d521ce42e7d3e7ee720ec0a83991735586a16f82\windows-amd64

VM Arguments:
jvm_args: -Xmx64m -Xms64m -Dorg.gradle.appname=gradlew 
java_command: org.gradle.wrapper.GradleWrapperMain tasks
java_class_path (initial): C:\Users\h6263\test\android\\gradle\wrapper\gradle-wrapper.jar
Launcher Type: SUN_STANDARD

[Global flags]
     intx CICompilerCount                          = 4                                         {product} {ergonomic}
     uint ConcGCThreads                            = 2                                         {product} {ergonomic}
     uint G1ConcRefinementThreads                  = 8                                         {product} {ergonomic}
   size_t G1HeapRegionSize                         = 1048576                                   {product} {ergonomic}
    uintx GCDrainStackTargetSize                   = 64                                        {product} {ergonomic}
   size_t InitialHeapSize                          = 67108864                                  {product} {command line}
   size_t MarkStackSize                            = 4194304                                   {product} {ergonomic}
   size_t MaxHeapSize                              = 67108864                                  {product} {command line}
   size_t MaxNewSize                               = 39845888                                  {product} {ergonomic}
   size_t MinHeapDeltaBytes                        = 1048576                                   {product} {ergonomic}
   size_t MinHeapSize                              = 67108864                                  {product} {command line}
    uintx NonNMethodCodeHeapSize                   = 5839372                                {pd product} {ergonomic}
    uintx NonProfiledCodeHeapSize                  = 122909434                              {pd product} {ergonomic}
    uintx ProfiledCodeHeapSize                     = 122909434                              {pd product} {ergonomic}
    uintx ReservedCodeCacheSize                    = 251658240                              {pd product} {ergonomic}
     bool SegmentedCodeCache                       = true                                      {product} {ergonomic}
   size_t SoftMaxHeapSize                          = 67108864                               {manageable} {ergonomic}
     bool UseCompressedClassPointers               = true                           {product lp64_product} {ergonomic}
     bool UseCompressedOops                        = true                           {product lp64_product} {ergonomic}
     bool UseG1GC                                  = true                                      {product} {ergonomic}
     bool UseLargePagesIndividualAllocation        = false                                  {pd product} {ergonomic}

Logging:
Log output configuration:
 #0: stdout all=warning uptime,level,tags
 #1: stderr all=off uptime,level,tags

Environment Variables:
JAVA_HOME=C:\Program Files\Java\jdk-17.0.2
CLASSPATH=C:\Users\h6263\test\android\\gradle\wrapper\gradle-wrapper.jar
PATH=C:\Users\h6263\test\node_modules\.bin;C:\Users\h6263\test\node_modules\.bin;C:\Users\h6263\node_modules\.bin;C:\Users\node_modules\.bin;C:\node_modules\.bin;C:\Users\h6263\AppData\Roaming\npm\node_modules\npm\node_modules\@npmcli\run-script\lib\node-gyp-bin;C:\Program Files\Common Files\Oracle\Java\javapath;C:\Program Files (x86)\Common Files\Oracle\Java\javapath;C:\Python311\Scripts\;C:\Python311\;C:\Program Files\GTK3-Runtime Win64\bin;C:\Program Files\MySQL\MySQL Server 8.0\bin;C:\app\h6263\product\21c\dbhomeXE\bin;C:\WINDOWS\system32;C:\WINDOWS;C:\WINDOWS\System32\Wbem;C:\WINDOWS\System32\WindowsPowerShell\v1.0\;C:\WINDOWS\System32\OpenSSH\;C:\MinGW\bin;C:\Program Files\Git\cmd;C:\Django;C:\Users\h6263\AppData\Local\Programs\Python\Python310\;C:\Program Files\nodejs\;C:\Program Files\Java\jdk-17.0.2\bin;C:\Users\h6263\AppData\Local\Android\Sdk\tools;C:\Users\h6263\AppData\Local\jdk-11.0.2\bin;C:\Users\h6263\AppData\Local\Android\Sdk\tools;C:\Users\h6263\AppData\Local\jdk-11.0.2\bin;C:\Program Files\MySQL\MySQL Shell 8.0\bin\;C:\Users\h6263\AppData\Local\Programs\Python\Python310\Scripts\;C:\Users\h6263\AppData\Local\Programs\Python\Python310\;C:\Users\h6263\AppData\Local\Microsoft\WindowsApps;C:\Users\h6263\AppData\Local\Programs\Microsoft VS Code\bin;C:\Program Files\JetBrains\IntelliJ IDEA Community Edition 2022.1.3\bin;;C:\Users\h6263\AppData\Roaming\npm;C:\Users\h6263\AppData\Local\Android\Sdk\platform-tools;
USERNAME=h6263
LANG=en_US.UTF-8
OS=Windows_NT
PROCESSOR_IDENTIFIER=Intel64 Family 6 Model 140 Stepping 1, GenuineIntel



---------------  S Y S T E M  ---------------

OS:
 Windows 11 , 64 bit Build 22621 (10.0.22621.2070)
OS uptime: 7 days 14:53 hours

CPU: total 8 (initial active 8) (4 cores per cpu, 2 threads per core) family 6 model 140 stepping 1 microcode 0x8a, cx8, cmov, fxsr, ht, mmx, 3dnowpref, sse, sse2, sse3, ssse3, sse4.1, sse4.2, popcnt, lzcnt, tsc, tscinvbit, avx, avx2, aes, erms, clmul, bmi1, bmi2, adx, avx512f, avx512dq, avx512cd, avx512bw, avx512vl, sha, fma, vzeroupper, avx512_vpopcntdq, avx512_vpclmulqdq, avx512_vaes, avx512_vnni, clflush, clflushopt, clwb, avx512_vbmi2, avx512_vbmi

Memory: 4k page, system-wide physical 7900M (653M free)
TotalPageFile size 32476M (AvailPageFile size 0M)
current process WorkingSet (physical memory assigned to process): 61M, peak: 61M
current process commit charge ("private bytes"): 157M, peak: 159M

vm_info: Java HotSpot(TM) 64-Bit Server VM (17.0.2+8-LTS-86) for windows-amd64 JRE (17.0.2+8-LTS-86), built on Dec  7 2021 21:51:03 by "mach5one" with MS VC++ 16.8 / 16.9 (VS2019)

END.
